<?xml version="1.0" encoding="utf-8"?>
<test-run id="2" name="game.dll" fullname="D:/Programming/C# Projects/GhostOfDarkness/game/bin/Debug/net6.0-windows/game.dll" testcasecount="4" result="Passed" start-time="2023-05-27T13:49:55.3048903Z" end-time="2023-05-27T13:49:55.4765655Z" duration="0.171407" total="4" passed="4" failed="0" inconclusive="0" skipped="0" warnings="0" asserts="21" random-seed="1392722974">
  <command-line><![CDATA["D:\Programming\C# Projects\GhostOfDarkness\game\bin\Debug\net6.0-windows\game.dll"]]></command-line>
  <filter />
  <test-suite type="Assembly" id="1005" name="game.dll" fullname="D:/Programming/C# Projects/GhostOfDarkness/game/bin/Debug/net6.0-windows/game.dll" runstate="Runnable" testcasecount="4" result="Passed" start-time="2023-05-27T13:49:55.3048903Z" end-time="2023-05-27T13:49:55.4765655Z" duration="0.171407" total="4" passed="4" failed="0" warnings="0" inconclusive="0" skipped="0" asserts="21">
    <environment framework-version="3.13.3.0" clr-version="6.0.14" os-version="Microsoft Windows 10.0.19044" platform="Win32NT" cwd="D:\Programming\C# Projects\GhostOfDarkness\game\bin\Debug\net6.0-windows" machine-name="DESKTOP-FR35C90" user="vepr" user-domain="DESKTOP-FR35C90" culture="ru-RU" uiculture="ru-RU" os-architecture="x64" />
    <settings>
      <setting name="WorkDirectory" value="D:\Programming\C# Projects\GhostOfDarkness\game\bin\Debug\net6.0-windows" />
      <setting name="NumberOfTestWorkers" value="4" />
    </settings>
    <properties>
      <property name="_PID" value="16484" />
      <property name="_APPDOMAIN" value="game" />
    </properties>
    <test-suite type="TestSuite" id="1006" name="game" fullname="game" runstate="Runnable" testcasecount="4" result="Passed" start-time="2023-05-27T13:49:55.3157863Z" end-time="2023-05-27T13:49:55.4765555Z" duration="0.160769" total="4" passed="4" failed="0" warnings="0" inconclusive="0" skipped="0" asserts="21">
      <test-suite type="TestSuite" id="1007" name="Tests" fullname="game.Tests" runstate="Runnable" testcasecount="4" result="Passed" start-time="2023-05-27T13:49:55.3256170Z" end-time="2023-05-27T13:49:55.4765269Z" duration="0.150910" total="4" passed="4" failed="0" warnings="0" inconclusive="0" skipped="0" asserts="21">
        <test-suite type="TestFixture" id="1000" name="AStartTests" fullname="game.Tests.AStartTests" classname="game.Tests.AStartTests" runstate="Runnable" testcasecount="4" result="Passed" start-time="2023-05-27T13:49:55.3323032Z" end-time="2023-05-27T13:49:55.4757226Z" duration="0.143419" total="4" passed="4" failed="0" warnings="0" inconclusive="0" skipped="0" asserts="21">
          <test-case id="1003" name="DiagonalPathBetterThanOrthogonal" fullname="game.Tests.AStartTests.DiagonalPathBetterThanOrthogonal" methodname="DiagonalPathBetterThanOrthogonal" classname="game.Tests.AStartTests" runstate="Runnable" seed="1601126885" result="Passed" start-time="2023-05-27T13:49:55.3358826Z" end-time="2023-05-27T13:49:55.4235383Z" duration="0.087804" asserts="12" />
          <test-case id="1001" name="DirectionDownTest" fullname="game.Tests.AStartTests.DirectionDownTest" methodname="DirectionDownTest" classname="game.Tests.AStartTests" runstate="Runnable" seed="1436928394" result="Passed" start-time="2023-05-27T13:49:55.4727625Z" end-time="2023-05-27T13:49:55.4732198Z" duration="0.000457" asserts="4" />
          <test-case id="1002" name="DirectionLeftTest" fullname="game.Tests.AStartTests.DirectionLeftTest" methodname="DirectionLeftTest" classname="game.Tests.AStartTests" runstate="Runnable" seed="915850273" result="Passed" start-time="2023-05-27T13:49:55.4733002Z" end-time="2023-05-27T13:49:55.4735674Z" duration="0.000267" asserts="4" />
          <test-case id="1004" name="PathNotFound" fullname="game.Tests.AStartTests.PathNotFound" methodname="PathNotFound" classname="game.Tests.AStartTests" runstate="Runnable" seed="1453075683" result="Passed" start-time="2023-05-27T13:49:55.4736228Z" end-time="2023-05-27T13:49:55.4739362Z" duration="0.000313" asserts="1" />
        </test-suite>
      </test-suite>
    </test-suite>
  </test-suite>
</test-run>