<?xml version="1.0" encoding="utf-8"?>
<test-run id="2" name="game.dll" fullname="D:/Programming/C# Projects/GhostOfDarkness/game/bin/Debug/net6.0-windows/game.dll" testcasecount="2" result="Passed" start-time="2023-05-05T18:43:47.8759742Z" end-time="2023-05-05T18:43:48.0145330Z" duration="0.137957" total="2" passed="2" failed="0" inconclusive="0" skipped="0" warnings="0" asserts="47" random-seed="2043184501">
  <command-line><![CDATA["D:\Programming\C# Projects\GhostOfDarkness\game\bin\Debug\net6.0-windows\game.dll"]]></command-line>
  <filter />
  <test-suite type="Assembly" id="1003" name="game.dll" fullname="D:/Programming/C# Projects/GhostOfDarkness/game/bin/Debug/net6.0-windows/game.dll" runstate="Runnable" testcasecount="2" result="Passed" start-time="2023-05-05T18:43:47.8759742Z" end-time="2023-05-05T18:43:48.0145330Z" duration="0.137957" total="2" passed="2" failed="0" warnings="0" inconclusive="0" skipped="0" asserts="47">
    <environment framework-version="3.13.3.0" clr-version="6.0.14" os-version="Microsoft Windows 10.0.19044" platform="Win32NT" cwd="D:\Programming\C# Projects\GhostOfDarkness\game\bin\Debug\net6.0-windows" machine-name="DESKTOP-FR35C90" user="vepr" user-domain="DESKTOP-FR35C90" culture="ru-RU" uiculture="ru-RU" os-architecture="x64" />
    <settings>
      <setting name="WorkDirectory" value="D:\Programming\C# Projects\GhostOfDarkness\game\bin\Debug\net6.0-windows" />
      <setting name="NumberOfTestWorkers" value="4" />
    </settings>
    <properties>
      <property name="_PID" value="13380" />
      <property name="_APPDOMAIN" value="game" />
    </properties>
    <test-suite type="TestSuite" id="1004" name="game" fullname="game" runstate="Runnable" testcasecount="2" result="Passed" start-time="2023-05-05T18:43:47.8883780Z" end-time="2023-05-05T18:43:47.9856598Z" duration="0.097281" total="2" passed="2" failed="0" warnings="0" inconclusive="0" skipped="0" asserts="47">
      <test-suite type="TestSuite" id="1005" name="Tests" fullname="game.Tests" runstate="Runnable" testcasecount="2" result="Passed" start-time="2023-05-05T18:43:47.8955134Z" end-time="2023-05-05T18:43:47.9790756Z" duration="0.083562" total="2" passed="2" failed="0" warnings="0" inconclusive="0" skipped="0" asserts="47">
        <test-suite type="TestFixture" id="1000" name="BulletTest" fullname="game.Tests.BulletTest" classname="game.Tests.BulletTest" runstate="Runnable" testcasecount="2" result="Passed" start-time="2023-05-05T18:43:47.8985611Z" end-time="2023-05-05T18:43:47.9770787Z" duration="0.078518" total="2" passed="2" failed="0" warnings="0" inconclusive="0" skipped="0" asserts="47">
          <test-case id="1001" name="TestCountBullets" fullname="game.Tests.BulletTest.TestCountBullets" methodname="TestCountBullets" classname="game.Tests.BulletTest" runstate="Runnable" seed="687340170" result="Passed" start-time="2023-05-05T18:43:47.9045041Z" end-time="2023-05-05T18:43:47.9444297Z" duration="0.040172" asserts="2" />
          <test-case id="1002" name="TestUpdateBullets" fullname="game.Tests.BulletTest.TestUpdateBullets" methodname="TestUpdateBullets" classname="game.Tests.BulletTest" runstate="Runnable" seed="749860619" result="Passed" start-time="2023-05-05T18:43:47.9516860Z" end-time="2023-05-05T18:43:47.9588867Z" duration="0.007200" asserts="45" />
        </test-suite>
      </test-suite>
    </test-suite>
  </test-suite>
</test-run>