<?xml version="1.0" encoding="utf-8"?>
<test-run id="2" name="game.dll" fullname="D:/Programming/C# Projects/GhostOfDarkness/game/bin/Debug/net6.0-windows/game.dll" testcasecount="4" result="Passed" start-time="2023-05-24T19:45:27.5146907Z" end-time="2023-05-24T19:45:27.7465934Z" duration="0.231830" total="4" passed="4" failed="0" inconclusive="0" skipped="0" warnings="0" asserts="21" random-seed="412994182">
  <command-line><![CDATA["D:\Programming\C# Projects\GhostOfDarkness\game\bin\Debug\net6.0-windows\game.dll"]]></command-line>
  <filter />
  <test-suite type="Assembly" id="1005" name="game.dll" fullname="D:/Programming/C# Projects/GhostOfDarkness/game/bin/Debug/net6.0-windows/game.dll" runstate="Runnable" testcasecount="4" result="Passed" start-time="2023-05-24T19:45:27.5146907Z" end-time="2023-05-24T19:45:27.7465934Z" duration="0.231830" total="4" passed="4" failed="0" warnings="0" inconclusive="0" skipped="0" asserts="21">
    <environment framework-version="3.13.3.0" clr-version="6.0.14" os-version="Microsoft Windows 10.0.19044" platform="Win32NT" cwd="D:\Programming\C# Projects\GhostOfDarkness\game\bin\Debug\net6.0-windows" machine-name="DESKTOP-FR35C90" user="vepr" user-domain="DESKTOP-FR35C90" culture="ru-RU" uiculture="ru-RU" os-architecture="x64" />
    <settings>
      <setting name="WorkDirectory" value="D:\Programming\C# Projects\GhostOfDarkness\game\bin\Debug\net6.0-windows" />
      <setting name="NumberOfTestWorkers" value="4" />
    </settings>
    <properties>
      <property name="_PID" value="13928" />
      <property name="_APPDOMAIN" value="game" />
    </properties>
    <test-suite type="TestSuite" id="1006" name="game" fullname="game" runstate="Runnable" testcasecount="4" result="Passed" start-time="2023-05-24T19:45:27.5589967Z" end-time="2023-05-24T19:45:27.7465556Z" duration="0.187558" total="4" passed="4" failed="0" warnings="0" inconclusive="0" skipped="0" asserts="21">
      <test-suite type="TestSuite" id="1007" name="Tests" fullname="game.Tests" runstate="Runnable" testcasecount="4" result="Passed" start-time="2023-05-24T19:45:27.5704455Z" end-time="2023-05-24T19:45:27.7464960Z" duration="0.176050" total="4" passed="4" failed="0" warnings="0" inconclusive="0" skipped="0" asserts="21">
        <test-suite type="TestFixture" id="1000" name="AStartTests" fullname="game.Tests.AStartTests" classname="game.Tests.AStartTests" runstate="Runnable" testcasecount="4" result="Passed" start-time="2023-05-24T19:45:27.5943510Z" end-time="2023-05-24T19:45:27.7456968Z" duration="0.151346" total="4" passed="4" failed="0" warnings="0" inconclusive="0" skipped="0" asserts="21">
          <test-case id="1003" name="DiagonalPathBetterThanOrthogonal" fullname="game.Tests.AStartTests.DiagonalPathBetterThanOrthogonal" methodname="DiagonalPathBetterThanOrthogonal" classname="game.Tests.AStartTests" runstate="Runnable" seed="865066208" result="Passed" start-time="2023-05-24T19:45:27.6239094Z" end-time="2023-05-24T19:45:27.7306251Z" duration="0.106857" asserts="12" />
          <test-case id="1001" name="DirectionDownTest" fullname="game.Tests.AStartTests.DirectionDownTest" methodname="DirectionDownTest" classname="game.Tests.AStartTests" runstate="Runnable" seed="1644424174" result="Passed" start-time="2023-05-24T19:45:27.7417441Z" end-time="2023-05-24T19:45:27.7423449Z" duration="0.000600" asserts="4" />
          <test-case id="1002" name="DirectionLeftTest" fullname="game.Tests.AStartTests.DirectionLeftTest" methodname="DirectionLeftTest" classname="game.Tests.AStartTests" runstate="Runnable" seed="1373631492" result="Passed" start-time="2023-05-24T19:45:27.7425809Z" end-time="2023-05-24T19:45:27.7430223Z" duration="0.000442" asserts="4" />
          <test-case id="1004" name="PathNotFound" fullname="game.Tests.AStartTests.PathNotFound" methodname="PathNotFound" classname="game.Tests.AStartTests" runstate="Runnable" seed="1240644656" result="Passed" start-time="2023-05-24T19:45:27.7431613Z" end-time="2023-05-24T19:45:27.7440650Z" duration="0.000904" asserts="1" />
        </test-suite>
      </test-suite>
    </test-suite>
  </test-suite>
</test-run>