<?xml version="1.0" encoding="utf-8"?>
<test-run id="2" name="game.dll" fullname="D:/Programming/C# Projects/GhostOfDarkness/game/bin/Debug/net6.0-windows/game.dll" testcasecount="4" result="Passed" start-time="2023-05-25T18:21:03.2005230Z" end-time="2023-05-25T18:21:03.2918767Z" duration="0.091188" total="4" passed="4" failed="0" inconclusive="0" skipped="0" warnings="0" asserts="21" random-seed="798578992">
  <command-line><![CDATA["D:\Programming\C# Projects\GhostOfDarkness\game\bin\Debug\net6.0-windows\game.dll"]]></command-line>
  <filter />
  <test-suite type="Assembly" id="1005" name="game.dll" fullname="D:/Programming/C# Projects/GhostOfDarkness/game/bin/Debug/net6.0-windows/game.dll" runstate="Runnable" testcasecount="4" result="Passed" start-time="2023-05-25T18:21:03.2005230Z" end-time="2023-05-25T18:21:03.2918767Z" duration="0.091188" total="4" passed="4" failed="0" warnings="0" inconclusive="0" skipped="0" asserts="21">
    <environment framework-version="3.13.3.0" clr-version="6.0.14" os-version="Microsoft Windows 10.0.19044" platform="Win32NT" cwd="D:\Programming\C# Projects\GhostOfDarkness\game\bin\Debug\net6.0-windows" machine-name="DESKTOP-FR35C90" user="vepr" user-domain="DESKTOP-FR35C90" culture="ru-RU" uiculture="ru-RU" os-architecture="x64" />
    <settings>
      <setting name="WorkDirectory" value="D:\Programming\C# Projects\GhostOfDarkness\game\bin\Debug\net6.0-windows" />
      <setting name="NumberOfTestWorkers" value="4" />
    </settings>
    <properties>
      <property name="_PID" value="19568" />
      <property name="_APPDOMAIN" value="game" />
    </properties>
    <test-suite type="TestSuite" id="1006" name="game" fullname="game" runstate="Runnable" testcasecount="4" result="Passed" start-time="2023-05-25T18:21:03.2260961Z" end-time="2023-05-25T18:21:03.2918665Z" duration="0.065770" total="4" passed="4" failed="0" warnings="0" inconclusive="0" skipped="0" asserts="21">
      <test-suite type="TestSuite" id="1007" name="Tests" fullname="game.Tests" runstate="Runnable" testcasecount="4" result="Passed" start-time="2023-05-25T18:21:03.2292083Z" end-time="2023-05-25T18:21:03.2918454Z" duration="0.062637" total="4" passed="4" failed="0" warnings="0" inconclusive="0" skipped="0" asserts="21">
        <test-suite type="TestFixture" id="1000" name="AStartTests" fullname="game.Tests.AStartTests" classname="game.Tests.AStartTests" runstate="Runnable" testcasecount="4" result="Passed" start-time="2023-05-25T18:21:03.2324457Z" end-time="2023-05-25T18:21:03.2912988Z" duration="0.058853" total="4" passed="4" failed="0" warnings="0" inconclusive="0" skipped="0" asserts="21">
          <test-case id="1003" name="DiagonalPathBetterThanOrthogonal" fullname="game.Tests.AStartTests.DiagonalPathBetterThanOrthogonal" methodname="DiagonalPathBetterThanOrthogonal" classname="game.Tests.AStartTests" runstate="Runnable" seed="2035397013" result="Passed" start-time="2023-05-25T18:21:03.2362279Z" end-time="2023-05-25T18:21:03.2858641Z" duration="0.049772" asserts="12" />
          <test-case id="1001" name="DirectionDownTest" fullname="game.Tests.AStartTests.DirectionDownTest" methodname="DirectionDownTest" classname="game.Tests.AStartTests" runstate="Runnable" seed="1283461756" result="Passed" start-time="2023-05-25T18:21:03.2886025Z" end-time="2023-05-25T18:21:03.2889495Z" duration="0.000346" asserts="4" />
          <test-case id="1002" name="DirectionLeftTest" fullname="game.Tests.AStartTests.DirectionLeftTest" methodname="DirectionLeftTest" classname="game.Tests.AStartTests" runstate="Runnable" seed="2009188522" result="Passed" start-time="2023-05-25T18:21:03.2890057Z" end-time="2023-05-25T18:21:03.2892524Z" duration="0.000247" asserts="4" />
          <test-case id="1004" name="PathNotFound" fullname="game.Tests.AStartTests.PathNotFound" methodname="PathNotFound" classname="game.Tests.AStartTests" runstate="Runnable" seed="1841524792" result="Passed" start-time="2023-05-25T18:21:03.2892792Z" end-time="2023-05-25T18:21:03.2895789Z" duration="0.000300" asserts="1" />
        </test-suite>
      </test-suite>
    </test-suite>
  </test-suite>
</test-run>