<?xml version="1.0" encoding="utf-8"?>
<test-run id="2" name="game.dll" fullname="D:/Programming/C# Projects/GhostOfDarkness/game/bin/Debug/net6.0-windows/game.dll" testcasecount="11" result="Passed" start-time="2023-06-14T09:51:35.9012346Z" end-time="2023-06-14T09:51:35.9830702Z" duration="0.081797" total="11" passed="11" failed="0" inconclusive="0" skipped="0" warnings="0" asserts="32" random-seed="1134515">
  <command-line><![CDATA["D:\Programming\C# Projects\GhostOfDarkness\game\bin\Debug\net6.0-windows\game.dll"]]></command-line>
  <filter />
  <test-suite type="Assembly" id="1013" name="game.dll" fullname="D:/Programming/C# Projects/GhostOfDarkness/game/bin/Debug/net6.0-windows/game.dll" runstate="Runnable" testcasecount="11" result="Passed" start-time="2023-06-14T09:51:35.9012346Z" end-time="2023-06-14T09:51:35.9830702Z" duration="0.081797" total="11" passed="11" failed="0" warnings="0" inconclusive="0" skipped="0" asserts="32">
    <environment framework-version="3.13.3.0" clr-version="6.0.14" os-version="Microsoft Windows 10.0.19044" platform="Win32NT" cwd="D:\Programming\C# Projects\GhostOfDarkness\game\bin\Debug\net6.0-windows" machine-name="DESKTOP-FR35C90" user="vepr" user-domain="DESKTOP-FR35C90" culture="ru-RU" uiculture="ru-RU" os-architecture="x64" />
    <settings>
      <setting name="WorkDirectory" value="D:\Programming\C# Projects\GhostOfDarkness\game\bin\Debug\net6.0-windows" />
      <setting name="NumberOfTestWorkers" value="4" />
    </settings>
    <properties>
      <property name="_PID" value="18140" />
      <property name="_APPDOMAIN" value="game" />
    </properties>
    <test-suite type="TestSuite" id="1014" name="game" fullname="game" runstate="Runnable" testcasecount="11" result="Passed" start-time="2023-06-14T09:51:35.9064860Z" end-time="2023-06-14T09:51:35.9830624Z" duration="0.076575" total="11" passed="11" failed="0" warnings="0" inconclusive="0" skipped="0" asserts="32">
      <test-suite type="TestFixture" id="1000" name="CollisionDetecterTests" fullname="game.CollisionDetecterTests" classname="game.CollisionDetecterTests" runstate="Runnable" testcasecount="7" result="Passed" start-time="2023-06-14T09:51:35.9081111Z" end-time="2023-06-14T09:51:35.9368644Z" duration="0.028754" total="7" passed="7" failed="0" warnings="0" inconclusive="0" skipped="0" asserts="11">
        <test-case id="1005" name="CollideWithItem" fullname="game.CollisionDetecterTests.CollideWithItem" methodname="CollideWithItem" classname="game.CollisionDetecterTests" runstate="Runnable" seed="2102495666" result="Passed" start-time="2023-06-14T09:51:35.9099404Z" end-time="2023-06-14T09:51:35.9275253Z" duration="0.017733" asserts="1" />
        <test-case id="1007" name="CollideWithMovementVector" fullname="game.CollisionDetecterTests.CollideWithMovementVector" methodname="CollideWithMovementVector" classname="game.CollisionDetecterTests" runstate="Runnable" seed="635545946" result="Passed" start-time="2023-06-14T09:51:35.9302029Z" end-time="2023-06-14T09:51:35.9308875Z" duration="0.000684" asserts="3" />
        <test-case id="1004" name="CorrectIfEmpty" fullname="game.CollisionDetecterTests.CorrectIfEmpty" methodname="CorrectIfEmpty" classname="game.CollisionDetecterTests" runstate="Runnable" seed="535542316" result="Passed" start-time="2023-06-14T09:51:35.9309252Z" end-time="2023-06-14T09:51:35.9311012Z" duration="0.000176" asserts="1" />
        <test-case id="1001" name="CountElementsTest" fullname="game.CollisionDetecterTests.CountElementsTest" methodname="CountElementsTest" classname="game.CollisionDetecterTests" runstate="Runnable" seed="199623790" result="Passed" start-time="2023-06-14T09:51:35.9311191Z" end-time="2023-06-14T09:51:35.9343730Z" duration="0.003254" asserts="1" />
        <test-case id="1002" name="DeleteUnusefulQuadrantsTest" fullname="game.CollisionDetecterTests.DeleteUnusefulQuadrantsTest" methodname="DeleteUnusefulQuadrantsTest" classname="game.CollisionDetecterTests" runstate="Runnable" seed="140498298" result="Passed" start-time="2023-06-14T09:51:35.9344059Z" end-time="2023-06-14T09:51:35.9348203Z" duration="0.000415" asserts="1" />
        <test-case id="1003" name="NotCollideEqualsItemTest" fullname="game.CollisionDetecterTests.NotCollideEqualsItemTest" methodname="NotCollideEqualsItemTest" classname="game.CollisionDetecterTests" runstate="Runnable" seed="556997469" result="Passed" start-time="2023-06-14T09:51:35.9348396Z" end-time="2023-06-14T09:51:35.9350222Z" duration="0.000183" asserts="1" />
        <test-case id="1006" name="NotCollideIfCreatureCantCollide" fullname="game.CollisionDetecterTests.NotCollideIfCreatureCantCollide" methodname="NotCollideIfCreatureCantCollide" classname="game.CollisionDetecterTests" runstate="Runnable" seed="1719217891" result="Passed" start-time="2023-06-14T09:51:35.9350363Z" end-time="2023-06-14T09:51:35.9353959Z" duration="0.000360" asserts="3" />
      </test-suite>
      <test-suite type="TestSuite" id="1015" name="Tests" fullname="game.Tests" runstate="Runnable" testcasecount="4" result="Passed" start-time="2023-06-14T09:51:35.9069942Z" end-time="2023-06-14T09:51:35.9830383Z" duration="0.076044" total="4" passed="4" failed="0" warnings="0" inconclusive="0" skipped="0" asserts="21">
        <test-suite type="TestFixture" id="1008" name="AStartTests" fullname="game.Tests.AStartTests" classname="game.Tests.AStartTests" runstate="Runnable" testcasecount="4" result="Passed" start-time="2023-06-14T09:51:35.9388466Z" end-time="2023-06-14T09:51:35.9830156Z" duration="0.044168" total="4" passed="4" failed="0" warnings="0" inconclusive="0" skipped="0" asserts="21">
          <test-case id="1011" name="DiagonalPathBetterThanOrthogonal" fullname="game.Tests.AStartTests.DiagonalPathBetterThanOrthogonal" methodname="DiagonalPathBetterThanOrthogonal" classname="game.Tests.AStartTests" runstate="Runnable" seed="388034467" result="Passed" start-time="2023-06-14T09:51:35.9390392Z" end-time="2023-06-14T09:51:35.9813000Z" duration="0.042260" asserts="12" />
          <test-case id="1009" name="DirectionDownTest" fullname="game.Tests.AStartTests.DirectionDownTest" methodname="DirectionDownTest" classname="game.Tests.AStartTests" runstate="Runnable" seed="116965396" result="Passed" start-time="2023-06-14T09:51:35.9813659Z" end-time="2023-06-14T09:51:35.9819832Z" duration="0.000618" asserts="4" />
          <test-case id="1010" name="DirectionLeftTest" fullname="game.Tests.AStartTests.DirectionLeftTest" methodname="DirectionLeftTest" classname="game.Tests.AStartTests" runstate="Runnable" seed="1952345235" result="Passed" start-time="2023-06-14T09:51:35.9820640Z" end-time="2023-06-14T09:51:35.9824819Z" duration="0.000418" asserts="4" />
          <test-case id="1012" name="PathNotFound" fullname="game.Tests.AStartTests.PathNotFound" methodname="PathNotFound" classname="game.Tests.AStartTests" runstate="Runnable" seed="686761549" result="Passed" start-time="2023-06-14T09:51:35.9825211Z" end-time="2023-06-14T09:51:35.9829599Z" duration="0.000439" asserts="1" />
        </test-suite>
      </test-suite>
    </test-suite>
  </test-suite>
</test-run>