<?xml version="1.0" encoding="utf-8"?>
<test-run id="2" name="game.dll" fullname="D:/Programming/C# Projects/GhostOfDarkness/Game/bin/Debug/net6.0-windows/game.dll" testcasecount="11" result="Passed" start-time="2023-06-28T19:43:37.9185298Z" end-time="2023-06-28T19:43:37.9921503Z" duration="0.073560" total="11" passed="11" failed="0" inconclusive="0" skipped="0" warnings="0" asserts="32" random-seed="1352771750">
  <command-line><![CDATA["D:\Programming\C# Projects\GhostOfDarkness\Game\bin\Debug\net6.0-windows\game.dll"]]></command-line>
  <filter />
  <test-suite type="Assembly" id="1013" name="game.dll" fullname="D:/Programming/C# Projects/GhostOfDarkness/Game/bin/Debug/net6.0-windows/game.dll" runstate="Runnable" testcasecount="11" result="Passed" start-time="2023-06-28T19:43:37.9185298Z" end-time="2023-06-28T19:43:37.9921503Z" duration="0.073560" total="11" passed="11" failed="0" warnings="0" inconclusive="0" skipped="0" asserts="32">
    <environment framework-version="3.13.3.0" clr-version="6.0.14" os-version="Microsoft Windows 10.0.19044" platform="Win32NT" cwd="D:\Programming\C# Projects\GhostOfDarkness\Game\bin\Debug\net6.0-windows" machine-name="DESKTOP-FR35C90" user="vepr" user-domain="DESKTOP-FR35C90" culture="ru-RU" uiculture="ru-RU" os-architecture="x64" />
    <settings>
      <setting name="WorkDirectory" value="D:\Programming\C# Projects\GhostOfDarkness\Game\bin\Debug\net6.0-windows" />
      <setting name="NumberOfTestWorkers" value="4" />
    </settings>
    <properties>
      <property name="_PID" value="15252" />
      <property name="_APPDOMAIN" value="game" />
    </properties>
    <test-suite type="TestSuite" id="1014" name="game" fullname="game" runstate="Runnable" testcasecount="11" result="Passed" start-time="2023-06-28T19:43:37.9255396Z" end-time="2023-06-28T19:43:37.9921450Z" duration="0.066605" total="11" passed="11" failed="0" warnings="0" inconclusive="0" skipped="0" asserts="32">
      <test-suite type="TestFixture" id="1000" name="CollisionDetecterTests" fullname="game.CollisionDetecterTests" classname="game.CollisionDetecterTests" runstate="Runnable" testcasecount="7" result="Passed" start-time="2023-06-28T19:43:37.9284650Z" end-time="2023-06-28T19:43:37.9623996Z" duration="0.033935" total="7" passed="7" failed="0" warnings="0" inconclusive="0" skipped="0" asserts="11">
        <test-case id="1005" name="CollideWithItem" fullname="game.CollisionDetecterTests.CollideWithItem" methodname="CollideWithItem" classname="game.CollisionDetecterTests" runstate="Runnable" seed="1845002293" result="Passed" start-time="2023-06-28T19:43:37.9321205Z" end-time="2023-06-28T19:43:37.9544460Z" duration="0.022454" asserts="1" />
        <test-case id="1007" name="CollideWithMovementVector" fullname="game.CollisionDetecterTests.CollideWithMovementVector" methodname="CollideWithMovementVector" classname="game.CollisionDetecterTests" runstate="Runnable" seed="1732368807" result="Passed" start-time="2023-06-28T19:43:37.9571136Z" end-time="2023-06-28T19:43:37.9576999Z" duration="0.000586" asserts="3" />
        <test-case id="1004" name="CorrectIfEmpty" fullname="game.CollisionDetecterTests.CorrectIfEmpty" methodname="CorrectIfEmpty" classname="game.CollisionDetecterTests" runstate="Runnable" seed="1290263469" result="Passed" start-time="2023-06-28T19:43:37.9577459Z" end-time="2023-06-28T19:43:37.9579342Z" duration="0.000188" asserts="1" />
        <test-case id="1001" name="CountElementsTest" fullname="game.CollisionDetecterTests.CountElementsTest" methodname="CountElementsTest" classname="game.CollisionDetecterTests" runstate="Runnable" seed="1719839569" result="Passed" start-time="2023-06-28T19:43:37.9579559Z" end-time="2023-06-28T19:43:37.9603280Z" duration="0.002373" asserts="1" />
        <test-case id="1002" name="DeleteUnusefulQuadrantsTest" fullname="game.CollisionDetecterTests.DeleteUnusefulQuadrantsTest" methodname="DeleteUnusefulQuadrantsTest" classname="game.CollisionDetecterTests" runstate="Runnable" seed="720024147" result="Passed" start-time="2023-06-28T19:43:37.9603609Z" end-time="2023-06-28T19:43:37.9608167Z" duration="0.000456" asserts="1" />
        <test-case id="1003" name="NotCollideEqualsItemTest" fullname="game.CollisionDetecterTests.NotCollideEqualsItemTest" methodname="NotCollideEqualsItemTest" classname="game.CollisionDetecterTests" runstate="Runnable" seed="1747957130" result="Passed" start-time="2023-06-28T19:43:37.9608467Z" end-time="2023-06-28T19:43:37.9610154Z" duration="0.000169" asserts="1" />
        <test-case id="1006" name="NotCollideIfCreatureCantCollide" fullname="game.CollisionDetecterTests.NotCollideIfCreatureCantCollide" methodname="NotCollideIfCreatureCantCollide" classname="game.CollisionDetecterTests" runstate="Runnable" seed="714239680" result="Passed" start-time="2023-06-28T19:43:37.9610347Z" end-time="2023-06-28T19:43:37.9613362Z" duration="0.000302" asserts="3" />
      </test-suite>
      <test-suite type="TestSuite" id="1015" name="Tests" fullname="game.Tests" runstate="Runnable" testcasecount="4" result="Passed" start-time="2023-06-28T19:43:37.9263307Z" end-time="2023-06-28T19:43:37.9921395Z" duration="0.065808" total="4" passed="4" failed="0" warnings="0" inconclusive="0" skipped="0" asserts="21">
        <test-suite type="TestFixture" id="1008" name="AStartTests" fullname="game.Tests.AStartTests" classname="game.Tests.AStartTests" runstate="Runnable" testcasecount="4" result="Passed" start-time="2023-06-28T19:43:37.9637595Z" end-time="2023-06-28T19:43:37.9921301Z" duration="0.028370" total="4" passed="4" failed="0" warnings="0" inconclusive="0" skipped="0" asserts="21">
          <test-case id="1011" name="DiagonalPathBetterThanOrthogonal" fullname="game.Tests.AStartTests.DiagonalPathBetterThanOrthogonal" methodname="DiagonalPathBetterThanOrthogonal" classname="game.Tests.AStartTests" runstate="Runnable" seed="1635998560" result="Passed" start-time="2023-06-28T19:43:37.9639116Z" end-time="2023-06-28T19:43:37.9913006Z" duration="0.027389" asserts="12" />
          <test-case id="1009" name="DirectionDownTest" fullname="game.Tests.AStartTests.DirectionDownTest" methodname="DirectionDownTest" classname="game.Tests.AStartTests" runstate="Runnable" seed="1041983956" result="Passed" start-time="2023-06-28T19:43:37.9913280Z" end-time="2023-06-28T19:43:37.9915728Z" duration="0.000245" asserts="4" />
          <test-case id="1010" name="DirectionLeftTest" fullname="game.Tests.AStartTests.DirectionLeftTest" methodname="DirectionLeftTest" classname="game.Tests.AStartTests" runstate="Runnable" seed="1864511447" result="Passed" start-time="2023-06-28T19:43:37.9915864Z" end-time="2023-06-28T19:43:37.9917973Z" duration="0.000211" asserts="4" />
          <test-case id="1012" name="PathNotFound" fullname="game.Tests.AStartTests.PathNotFound" methodname="PathNotFound" classname="game.Tests.AStartTests" runstate="Runnable" seed="1826284538" result="Passed" start-time="2023-06-28T19:43:37.9918099Z" end-time="2023-06-28T19:43:37.9920925Z" duration="0.000283" asserts="1" />
        </test-suite>
      </test-suite>
    </test-suite>
  </test-suite>
</test-run>