<?xml version="1.0" encoding="utf-8"?>
<test-run id="2" name="game.dll" fullname="D:/Programming/C# Projects/GhostOfDarkness/game/bin/Debug/net6.0-windows/game.dll" testcasecount="4" result="Passed" start-time="2023-05-25T07:57:20.8224086Z" end-time="2023-05-25T07:57:20.9006403Z" duration="0.078194" total="4" passed="4" failed="0" inconclusive="0" skipped="0" warnings="0" asserts="21" random-seed="632021255">
  <command-line><![CDATA["D:\Programming\C# Projects\GhostOfDarkness\game\bin\Debug\net6.0-windows\game.dll"]]></command-line>
  <filter />
  <test-suite type="Assembly" id="1005" name="game.dll" fullname="D:/Programming/C# Projects/GhostOfDarkness/game/bin/Debug/net6.0-windows/game.dll" runstate="Runnable" testcasecount="4" result="Passed" start-time="2023-05-25T07:57:20.8224086Z" end-time="2023-05-25T07:57:20.9006403Z" duration="0.078194" total="4" passed="4" failed="0" warnings="0" inconclusive="0" skipped="0" asserts="21">
    <environment framework-version="3.13.3.0" clr-version="6.0.14" os-version="Microsoft Windows 10.0.19044" platform="Win32NT" cwd="D:\Programming\C# Projects\GhostOfDarkness\game\bin\Debug\net6.0-windows" machine-name="DESKTOP-FR35C90" user="vepr" user-domain="DESKTOP-FR35C90" culture="ru-RU" uiculture="ru-RU" os-architecture="x64" />
    <settings>
      <setting name="WorkDirectory" value="D:\Programming\C# Projects\GhostOfDarkness\game\bin\Debug\net6.0-windows" />
      <setting name="NumberOfTestWorkers" value="4" />
    </settings>
    <properties>
      <property name="_PID" value="11948" />
      <property name="_APPDOMAIN" value="game" />
    </properties>
    <test-suite type="TestSuite" id="1006" name="game" fullname="game" runstate="Runnable" testcasecount="4" result="Passed" start-time="2023-05-25T07:57:20.8274210Z" end-time="2023-05-25T07:57:20.9006352Z" duration="0.073214" total="4" passed="4" failed="0" warnings="0" inconclusive="0" skipped="0" asserts="21">
      <test-suite type="TestSuite" id="1007" name="Tests" fullname="game.Tests" runstate="Runnable" testcasecount="4" result="Passed" start-time="2023-05-25T07:57:20.8278044Z" end-time="2023-05-25T07:57:20.9006267Z" duration="0.072822" total="4" passed="4" failed="0" warnings="0" inconclusive="0" skipped="0" asserts="21">
        <test-suite type="TestFixture" id="1000" name="AStartTests" fullname="game.Tests.AStartTests" classname="game.Tests.AStartTests" runstate="Runnable" testcasecount="4" result="Passed" start-time="2023-05-25T07:57:20.8290346Z" end-time="2023-05-25T07:57:20.9003122Z" duration="0.071277" total="4" passed="4" failed="0" warnings="0" inconclusive="0" skipped="0" asserts="21">
          <test-case id="1003" name="DiagonalPathBetterThanOrthogonal" fullname="game.Tests.AStartTests.DiagonalPathBetterThanOrthogonal" methodname="DiagonalPathBetterThanOrthogonal" classname="game.Tests.AStartTests" runstate="Runnable" seed="1607512509" result="Passed" start-time="2023-05-25T07:57:20.8316551Z" end-time="2023-05-25T07:57:20.8733272Z" duration="0.041761" asserts="12" />
          <test-case id="1001" name="DirectionDownTest" fullname="game.Tests.AStartTests.DirectionDownTest" methodname="DirectionDownTest" classname="game.Tests.AStartTests" runstate="Runnable" seed="1855268416" result="Passed" start-time="2023-05-25T07:57:20.8988426Z" end-time="2023-05-25T07:57:20.8990609Z" duration="0.000218" asserts="4" />
          <test-case id="1002" name="DirectionLeftTest" fullname="game.Tests.AStartTests.DirectionLeftTest" methodname="DirectionLeftTest" classname="game.Tests.AStartTests" runstate="Runnable" seed="1403459272" result="Passed" start-time="2023-05-25T07:57:20.8990815Z" end-time="2023-05-25T07:57:20.8992238Z" duration="0.000143" asserts="4" />
          <test-case id="1004" name="PathNotFound" fullname="game.Tests.AStartTests.PathNotFound" methodname="PathNotFound" classname="game.Tests.AStartTests" runstate="Runnable" seed="232333196" result="Passed" start-time="2023-05-25T07:57:20.8992339Z" end-time="2023-05-25T07:57:20.8994262Z" duration="0.000192" asserts="1" />
        </test-suite>
      </test-suite>
    </test-suite>
  </test-suite>
</test-run>