<?xml version="1.0" encoding="utf-8"?>
<test-run id="2" name="game.dll" fullname="D:/Programming/C# Projects/GhostOfDarkness/game/bin/Debug/net6.0-windows/game.dll" testcasecount="4" result="Passed" start-time="2023-05-28T11:45:10.6609495Z" end-time="2023-05-28T11:45:11.0940681Z" duration="0.432938" total="4" passed="4" failed="0" inconclusive="0" skipped="0" warnings="0" asserts="21" random-seed="1738645938">
  <command-line><![CDATA["D:\Programming\C# Projects\GhostOfDarkness\game\bin\Debug\net6.0-windows\game.dll"]]></command-line>
  <filter />
  <test-suite type="Assembly" id="1005" name="game.dll" fullname="D:/Programming/C# Projects/GhostOfDarkness/game/bin/Debug/net6.0-windows/game.dll" runstate="Runnable" testcasecount="4" result="Passed" start-time="2023-05-28T11:45:10.6609495Z" end-time="2023-05-28T11:45:11.0940681Z" duration="0.432938" total="4" passed="4" failed="0" warnings="0" inconclusive="0" skipped="0" asserts="21">
    <environment framework-version="3.13.3.0" clr-version="6.0.14" os-version="Microsoft Windows 10.0.19044" platform="Win32NT" cwd="D:\Programming\C# Projects\GhostOfDarkness\game\bin\Debug\net6.0-windows" machine-name="DESKTOP-FR35C90" user="vepr" user-domain="DESKTOP-FR35C90" culture="ru-RU" uiculture="ru-RU" os-architecture="x64" />
    <settings>
      <setting name="WorkDirectory" value="D:\Programming\C# Projects\GhostOfDarkness\game\bin\Debug\net6.0-windows" />
      <setting name="NumberOfTestWorkers" value="4" />
    </settings>
    <properties>
      <property name="_PID" value="9712" />
      <property name="_APPDOMAIN" value="game" />
    </properties>
    <test-suite type="TestSuite" id="1006" name="game" fullname="game" runstate="Runnable" testcasecount="4" result="Passed" start-time="2023-05-28T11:45:10.6864227Z" end-time="2023-05-28T11:45:11.0940503Z" duration="0.407627" total="4" passed="4" failed="0" warnings="0" inconclusive="0" skipped="0" asserts="21">
      <test-suite type="TestSuite" id="1007" name="Tests" fullname="game.Tests" runstate="Runnable" testcasecount="4" result="Passed" start-time="2023-05-28T11:45:10.7348006Z" end-time="2023-05-28T11:45:11.0939993Z" duration="0.359199" total="4" passed="4" failed="0" warnings="0" inconclusive="0" skipped="0" asserts="21">
        <test-suite type="TestFixture" id="1000" name="AStartTests" fullname="game.Tests.AStartTests" classname="game.Tests.AStartTests" runstate="Runnable" testcasecount="4" result="Passed" start-time="2023-05-28T11:45:10.7540371Z" end-time="2023-05-28T11:45:11.0933729Z" duration="0.339336" total="4" passed="4" failed="0" warnings="0" inconclusive="0" skipped="0" asserts="21">
          <test-case id="1003" name="DiagonalPathBetterThanOrthogonal" fullname="game.Tests.AStartTests.DiagonalPathBetterThanOrthogonal" methodname="DiagonalPathBetterThanOrthogonal" classname="game.Tests.AStartTests" runstate="Runnable" seed="239035532" result="Passed" start-time="2023-05-28T11:45:10.7574434Z" end-time="2023-05-28T11:45:11.0042034Z" duration="0.246895" asserts="12" />
          <test-case id="1001" name="DirectionDownTest" fullname="game.Tests.AStartTests.DirectionDownTest" methodname="DirectionDownTest" classname="game.Tests.AStartTests" runstate="Runnable" seed="1834095138" result="Passed" start-time="2023-05-28T11:45:11.0333360Z" end-time="2023-05-28T11:45:11.0342381Z" duration="0.000902" asserts="4" />
          <test-case id="1002" name="DirectionLeftTest" fullname="game.Tests.AStartTests.DirectionLeftTest" methodname="DirectionLeftTest" classname="game.Tests.AStartTests" runstate="Runnable" seed="281312362" result="Passed" start-time="2023-05-28T11:45:11.0855887Z" end-time="2023-05-28T11:45:11.0880007Z" duration="0.002412" asserts="4" />
          <test-case id="1004" name="PathNotFound" fullname="game.Tests.AStartTests.PathNotFound" methodname="PathNotFound" classname="game.Tests.AStartTests" runstate="Runnable" seed="1528164698" result="Passed" start-time="2023-05-28T11:45:11.0888250Z" end-time="2023-05-28T11:45:11.0895232Z" duration="0.000698" asserts="1" />
        </test-suite>
      </test-suite>
    </test-suite>
  </test-suite>
</test-run>