<?xml version="1.0" encoding="utf-8"?>
<test-run id="2" name="Game.dll" fullname="D:/Programming/C# Projects/GhostOfDarkness/GhostOfDarkness/Game/bin/Release/net6.0-windows/Game.dll" testcasecount="11" result="Passed" start-time="2023-06-29T16:14:41.4030988Z" end-time="2023-06-29T16:14:41.5472390Z" duration="0.143968" total="11" passed="11" failed="0" inconclusive="0" skipped="0" warnings="0" asserts="32" random-seed="1967075970">
  <command-line><![CDATA["D:\Programming\C# Projects\GhostOfDarkness\GhostOfDarkness\Game\bin\Release\net6.0-windows\Game.dll"]]></command-line>
  <filter />
  <test-suite type="Assembly" id="1013" name="Game.dll" fullname="D:/Programming/C# Projects/GhostOfDarkness/GhostOfDarkness/Game/bin/Release/net6.0-windows/Game.dll" runstate="Runnable" testcasecount="11" result="Passed" start-time="2023-06-29T16:14:41.4030988Z" end-time="2023-06-29T16:14:41.5472390Z" duration="0.143968" total="11" passed="11" failed="0" warnings="0" inconclusive="0" skipped="0" asserts="32">
    <environment framework-version="3.13.3.0" clr-version="6.0.14" os-version="Microsoft Windows 10.0.19044" platform="Win32NT" cwd="D:\Programming\C# Projects\GhostOfDarkness\GhostOfDarkness\Game\bin\Release\net6.0-windows" machine-name="DESKTOP-FR35C90" user="vepr" user-domain="DESKTOP-FR35C90" culture="ru-RU" uiculture="ru-RU" os-architecture="x64" />
    <settings>
      <setting name="WorkDirectory" value="D:\Programming\C# Projects\GhostOfDarkness\GhostOfDarkness\Game\bin\Release\net6.0-windows" />
      <setting name="NumberOfTestWorkers" value="4" />
    </settings>
    <properties>
      <property name="_PID" value="15536" />
      <property name="_APPDOMAIN" value="Game" />
    </properties>
    <test-suite type="TestSuite" id="1014" name="game" fullname="game" runstate="Runnable" testcasecount="11" result="Passed" start-time="2023-06-29T16:14:41.4173150Z" end-time="2023-06-29T16:14:41.5472189Z" duration="0.129903" total="11" passed="11" failed="0" warnings="0" inconclusive="0" skipped="0" asserts="32">
      <test-suite type="TestFixture" id="1000" name="CollisionDetecterTests" fullname="game.CollisionDetecterTests" classname="game.CollisionDetecterTests" runstate="Runnable" testcasecount="7" result="Passed" start-time="2023-06-29T16:14:41.4362985Z" end-time="2023-06-29T16:14:41.4992912Z" duration="0.062993" total="7" passed="7" failed="0" warnings="0" inconclusive="0" skipped="0" asserts="11">
        <test-case id="1005" name="CollideWithItem" fullname="game.CollisionDetecterTests.CollideWithItem" methodname="CollideWithItem" classname="game.CollisionDetecterTests" runstate="Runnable" seed="1369539322" result="Passed" start-time="2023-06-29T16:14:41.4449443Z" end-time="2023-06-29T16:14:41.4755006Z" duration="0.030693" asserts="1" />
        <test-case id="1007" name="CollideWithMovementVector" fullname="game.CollisionDetecterTests.CollideWithMovementVector" methodname="CollideWithMovementVector" classname="game.CollisionDetecterTests" runstate="Runnable" seed="1477079586" result="Passed" start-time="2023-06-29T16:14:41.4835954Z" end-time="2023-06-29T16:14:41.4857851Z" duration="0.002194" asserts="3" />
        <test-case id="1004" name="CorrectIfEmpty" fullname="game.CollisionDetecterTests.CorrectIfEmpty" methodname="CorrectIfEmpty" classname="game.CollisionDetecterTests" runstate="Runnable" seed="1351636165" result="Passed" start-time="2023-06-29T16:14:41.4858984Z" end-time="2023-06-29T16:14:41.4866593Z" duration="0.000762" asserts="1" />
        <test-case id="1001" name="CountElementsTest" fullname="game.CollisionDetecterTests.CountElementsTest" methodname="CountElementsTest" classname="game.CollisionDetecterTests" runstate="Runnable" seed="1147392349" result="Passed" start-time="2023-06-29T16:14:41.4866942Z" end-time="2023-06-29T16:14:41.4934608Z" duration="0.006767" asserts="1" />
        <test-case id="1002" name="DeleteUnusefulQuadrantsTest" fullname="game.CollisionDetecterTests.DeleteUnusefulQuadrantsTest" methodname="DeleteUnusefulQuadrantsTest" classname="game.CollisionDetecterTests" runstate="Runnable" seed="277730787" result="Passed" start-time="2023-06-29T16:14:41.4935451Z" end-time="2023-06-29T16:14:41.4948936Z" duration="0.001349" asserts="1" />
        <test-case id="1003" name="NotCollideEqualsItemTest" fullname="game.CollisionDetecterTests.NotCollideEqualsItemTest" methodname="NotCollideEqualsItemTest" classname="game.CollisionDetecterTests" runstate="Runnable" seed="1410234260" result="Passed" start-time="2023-06-29T16:14:41.4949345Z" end-time="2023-06-29T16:14:41.4956246Z" duration="0.000691" asserts="1" />
        <test-case id="1006" name="NotCollideIfCreatureCantCollide" fullname="game.CollisionDetecterTests.NotCollideIfCreatureCantCollide" methodname="NotCollideIfCreatureCantCollide" classname="game.CollisionDetecterTests" runstate="Runnable" seed="949487952" result="Passed" start-time="2023-06-29T16:14:41.4957148Z" end-time="2023-06-29T16:14:41.4972687Z" duration="0.001554" asserts="3" />
      </test-suite>
      <test-suite type="TestSuite" id="1015" name="Tests" fullname="game.Tests" runstate="Runnable" testcasecount="4" result="Passed" start-time="2023-06-29T16:14:41.4344921Z" end-time="2023-06-29T16:14:41.5471808Z" duration="0.112688" total="4" passed="4" failed="0" warnings="0" inconclusive="0" skipped="0" asserts="21">
        <test-suite type="TestFixture" id="1008" name="AStartTests" fullname="game.Tests.AStartTests" classname="game.Tests.AStartTests" runstate="Runnable" testcasecount="4" result="Passed" start-time="2023-06-29T16:14:41.5013025Z" end-time="2023-06-29T16:14:41.5471301Z" duration="0.045828" total="4" passed="4" failed="0" warnings="0" inconclusive="0" skipped="0" asserts="21">
          <test-case id="1011" name="DiagonalPathBetterThanOrthogonal" fullname="game.Tests.AStartTests.DiagonalPathBetterThanOrthogonal" methodname="DiagonalPathBetterThanOrthogonal" classname="game.Tests.AStartTests" runstate="Runnable" seed="1014356739" result="Passed" start-time="2023-06-29T16:14:41.5015349Z" end-time="2023-06-29T16:14:41.5420239Z" duration="0.040490" asserts="12" />
          <test-case id="1009" name="DirectionDownTest" fullname="game.Tests.AStartTests.DirectionDownTest" methodname="DirectionDownTest" classname="game.Tests.AStartTests" runstate="Runnable" seed="2064367879" result="Passed" start-time="2023-06-29T16:14:41.5421464Z" end-time="2023-06-29T16:14:41.5435232Z" duration="0.001377" asserts="4" />
          <test-case id="1010" name="DirectionLeftTest" fullname="game.Tests.AStartTests.DirectionLeftTest" methodname="DirectionLeftTest" classname="game.Tests.AStartTests" runstate="Runnable" seed="2089325158" result="Passed" start-time="2023-06-29T16:14:41.5436324Z" end-time="2023-06-29T16:14:41.5450363Z" duration="0.001404" asserts="4" />
          <test-case id="1012" name="PathNotFound" fullname="game.Tests.AStartTests.PathNotFound" methodname="PathNotFound" classname="game.Tests.AStartTests" runstate="Runnable" seed="957224308" result="Passed" start-time="2023-06-29T16:14:41.5450918Z" end-time="2023-06-29T16:14:41.5469461Z" duration="0.001856" asserts="1" />
        </test-suite>
      </test-suite>
    </test-suite>
  </test-suite>
</test-run>