<?xml version="1.0" encoding="utf-8"?>
<test-run id="2" name="game.dll" fullname="D:/Programming/C# Projects/GhostOfDarkness/game/bin/Release/net6.0-windows/game.dll" testcasecount="11" result="Passed" start-time="2023-06-18T09:57:30.0609911Z" end-time="2023-06-18T09:57:30.1403386Z" duration="0.079309" total="11" passed="11" failed="0" inconclusive="0" skipped="0" warnings="0" asserts="32" random-seed="1049642386">
  <command-line><![CDATA["D:\Programming\C# Projects\GhostOfDarkness\game\bin\Release\net6.0-windows\game.dll"]]></command-line>
  <filter />
  <test-suite type="Assembly" id="1013" name="game.dll" fullname="D:/Programming/C# Projects/GhostOfDarkness/game/bin/Release/net6.0-windows/game.dll" runstate="Runnable" testcasecount="11" result="Passed" start-time="2023-06-18T09:57:30.0609911Z" end-time="2023-06-18T09:57:30.1403386Z" duration="0.079309" total="11" passed="11" failed="0" warnings="0" inconclusive="0" skipped="0" asserts="32">
    <environment framework-version="3.13.3.0" clr-version="6.0.14" os-version="Microsoft Windows 10.0.19044" platform="Win32NT" cwd="D:\Programming\C# Projects\GhostOfDarkness\game\bin\Release\net6.0-windows" machine-name="DESKTOP-FR35C90" user="vepr" user-domain="DESKTOP-FR35C90" culture="ru-RU" uiculture="ru-RU" os-architecture="x64" />
    <settings>
      <setting name="WorkDirectory" value="D:\Programming\C# Projects\GhostOfDarkness\game\bin\Release\net6.0-windows" />
      <setting name="NumberOfTestWorkers" value="4" />
    </settings>
    <properties>
      <property name="_PID" value="8280" />
      <property name="_APPDOMAIN" value="game" />
    </properties>
    <test-suite type="TestSuite" id="1014" name="game" fullname="game" runstate="Runnable" testcasecount="11" result="Passed" start-time="2023-06-18T09:57:30.0657718Z" end-time="2023-06-18T09:57:30.1403353Z" duration="0.074563" total="11" passed="11" failed="0" warnings="0" inconclusive="0" skipped="0" asserts="32">
      <test-suite type="TestFixture" id="1000" name="CollisionDetecterTests" fullname="game.CollisionDetecterTests" classname="game.CollisionDetecterTests" runstate="Runnable" testcasecount="7" result="Passed" start-time="2023-06-18T09:57:30.0671229Z" end-time="2023-06-18T09:57:30.0949760Z" duration="0.027853" total="7" passed="7" failed="0" warnings="0" inconclusive="0" skipped="0" asserts="11">
        <test-case id="1005" name="CollideWithItem" fullname="game.CollisionDetecterTests.CollideWithItem" methodname="CollideWithItem" classname="game.CollisionDetecterTests" runstate="Runnable" seed="2119718042" result="Passed" start-time="2023-06-18T09:57:30.0690389Z" end-time="2023-06-18T09:57:30.0859694Z" duration="0.017016" asserts="1" />
        <test-case id="1007" name="CollideWithMovementVector" fullname="game.CollisionDetecterTests.CollideWithMovementVector" methodname="CollideWithMovementVector" classname="game.CollisionDetecterTests" runstate="Runnable" seed="668273512" result="Passed" start-time="2023-06-18T09:57:30.0875875Z" end-time="2023-06-18T09:57:30.0882235Z" duration="0.000636" asserts="3" />
        <test-case id="1004" name="CorrectIfEmpty" fullname="game.CollisionDetecterTests.CorrectIfEmpty" methodname="CorrectIfEmpty" classname="game.CollisionDetecterTests" runstate="Runnable" seed="362116544" result="Passed" start-time="2023-06-18T09:57:30.0882433Z" end-time="2023-06-18T09:57:30.0888277Z" duration="0.000585" asserts="1" />
        <test-case id="1001" name="CountElementsTest" fullname="game.CollisionDetecterTests.CountElementsTest" methodname="CountElementsTest" classname="game.CollisionDetecterTests" runstate="Runnable" seed="6673331" result="Passed" start-time="2023-06-18T09:57:30.0888607Z" end-time="2023-06-18T09:57:30.0923282Z" duration="0.003468" asserts="1" />
        <test-case id="1002" name="DeleteUnusefulQuadrantsTest" fullname="game.CollisionDetecterTests.DeleteUnusefulQuadrantsTest" methodname="DeleteUnusefulQuadrantsTest" classname="game.CollisionDetecterTests" runstate="Runnable" seed="1875893106" result="Passed" start-time="2023-06-18T09:57:30.0923529Z" end-time="2023-06-18T09:57:30.0931024Z" duration="0.000750" asserts="1" />
        <test-case id="1003" name="NotCollideEqualsItemTest" fullname="game.CollisionDetecterTests.NotCollideEqualsItemTest" methodname="NotCollideEqualsItemTest" classname="game.CollisionDetecterTests" runstate="Runnable" seed="1473366358" result="Passed" start-time="2023-06-18T09:57:30.0931214Z" end-time="2023-06-18T09:57:30.0934375Z" duration="0.000316" asserts="1" />
        <test-case id="1006" name="NotCollideIfCreatureCantCollide" fullname="game.CollisionDetecterTests.NotCollideIfCreatureCantCollide" methodname="NotCollideIfCreatureCantCollide" classname="game.CollisionDetecterTests" runstate="Runnable" seed="533604548" result="Passed" start-time="2023-06-18T09:57:30.0934496Z" end-time="2023-06-18T09:57:30.0940602Z" duration="0.000611" asserts="3" />
      </test-suite>
      <test-suite type="TestSuite" id="1015" name="Tests" fullname="game.Tests" runstate="Runnable" testcasecount="4" result="Passed" start-time="2023-06-18T09:57:30.0660827Z" end-time="2023-06-18T09:57:30.1403316Z" duration="0.074249" total="4" passed="4" failed="0" warnings="0" inconclusive="0" skipped="0" asserts="21">
        <test-suite type="TestFixture" id="1008" name="AStartTests" fullname="game.Tests.AStartTests" classname="game.Tests.AStartTests" runstate="Runnable" testcasecount="4" result="Passed" start-time="2023-06-18T09:57:30.0961006Z" end-time="2023-06-18T09:57:30.1403250Z" duration="0.044224" total="4" passed="4" failed="0" warnings="0" inconclusive="0" skipped="0" asserts="21">
          <test-case id="1011" name="DiagonalPathBetterThanOrthogonal" fullname="game.Tests.AStartTests.DiagonalPathBetterThanOrthogonal" methodname="DiagonalPathBetterThanOrthogonal" classname="game.Tests.AStartTests" runstate="Runnable" seed="833088775" result="Passed" start-time="2023-06-18T09:57:30.0961928Z" end-time="2023-06-18T09:57:30.1390443Z" duration="0.042852" asserts="12" />
          <test-case id="1009" name="DirectionDownTest" fullname="game.Tests.AStartTests.DirectionDownTest" methodname="DirectionDownTest" classname="game.Tests.AStartTests" runstate="Runnable" seed="929712932" result="Passed" start-time="2023-06-18T09:57:30.1390663Z" end-time="2023-06-18T09:57:30.1395660Z" duration="0.000500" asserts="4" />
          <test-case id="1010" name="DirectionLeftTest" fullname="game.Tests.AStartTests.DirectionLeftTest" methodname="DirectionLeftTest" classname="game.Tests.AStartTests" runstate="Runnable" seed="1484267927" result="Passed" start-time="2023-06-18T09:57:30.1395787Z" end-time="2023-06-18T09:57:30.1400239Z" duration="0.000445" asserts="4" />
          <test-case id="1012" name="PathNotFound" fullname="game.Tests.AStartTests.PathNotFound" methodname="PathNotFound" classname="game.Tests.AStartTests" runstate="Runnable" seed="1735928873" result="Passed" start-time="2023-06-18T09:57:30.1400358Z" end-time="2023-06-18T09:57:30.1402947Z" duration="0.000259" asserts="1" />
        </test-suite>
      </test-suite>
    </test-suite>
  </test-suite>
</test-run>