<?xml version="1.0" encoding="utf-8"?>
<test-run id="2" name="game.dll" fullname="D:/Programming/C# Projects/GhostOfDarkness/game/bin/Release/net6.0-windows/game.dll" testcasecount="11" result="Passed" start-time="2023-06-18T08:47:35.7256861Z" end-time="2023-06-18T08:47:35.7737445Z" duration="0.048024" total="11" passed="11" failed="0" inconclusive="0" skipped="0" warnings="0" asserts="32" random-seed="771068677">
  <command-line><![CDATA["D:\Programming\C# Projects\GhostOfDarkness\game\bin\Release\net6.0-windows\game.dll"]]></command-line>
  <filter />
  <test-suite type="Assembly" id="1013" name="game.dll" fullname="D:/Programming/C# Projects/GhostOfDarkness/game/bin/Release/net6.0-windows/game.dll" runstate="Runnable" testcasecount="11" result="Passed" start-time="2023-06-18T08:47:35.7256861Z" end-time="2023-06-18T08:47:35.7737445Z" duration="0.048024" total="11" passed="11" failed="0" warnings="0" inconclusive="0" skipped="0" asserts="32">
    <environment framework-version="3.13.3.0" clr-version="6.0.14" os-version="Microsoft Windows 10.0.19044" platform="Win32NT" cwd="D:\Programming\C# Projects\GhostOfDarkness\game\bin\Release\net6.0-windows" machine-name="DESKTOP-FR35C90" user="vepr" user-domain="DESKTOP-FR35C90" culture="ru-RU" uiculture="ru-RU" os-architecture="x64" />
    <settings>
      <setting name="WorkDirectory" value="D:\Programming\C# Projects\GhostOfDarkness\game\bin\Release\net6.0-windows" />
      <setting name="NumberOfTestWorkers" value="4" />
    </settings>
    <properties>
      <property name="_PID" value="22520" />
      <property name="_APPDOMAIN" value="game" />
    </properties>
    <test-suite type="TestSuite" id="1014" name="game" fullname="game" runstate="Runnable" testcasecount="11" result="Passed" start-time="2023-06-18T08:47:35.7300388Z" end-time="2023-06-18T08:47:35.7737408Z" duration="0.043702" total="11" passed="11" failed="0" warnings="0" inconclusive="0" skipped="0" asserts="32">
      <test-suite type="TestFixture" id="1000" name="CollisionDetecterTests" fullname="game.CollisionDetecterTests" classname="game.CollisionDetecterTests" runstate="Runnable" testcasecount="7" result="Passed" start-time="2023-06-18T08:47:35.7313321Z" end-time="2023-06-18T08:47:35.7551066Z" duration="0.023775" total="7" passed="7" failed="0" warnings="0" inconclusive="0" skipped="0" asserts="11">
        <test-case id="1005" name="CollideWithItem" fullname="game.CollisionDetecterTests.CollideWithItem" methodname="CollideWithItem" classname="game.CollisionDetecterTests" runstate="Runnable" seed="1195404261" result="Passed" start-time="2023-06-18T08:47:35.7331383Z" end-time="2023-06-18T08:47:35.7474006Z" duration="0.014341" asserts="1" />
        <test-case id="1007" name="CollideWithMovementVector" fullname="game.CollisionDetecterTests.CollideWithMovementVector" methodname="CollideWithMovementVector" classname="game.CollisionDetecterTests" runstate="Runnable" seed="1343734330" result="Passed" start-time="2023-06-18T08:47:35.7488664Z" end-time="2023-06-18T08:47:35.7495112Z" duration="0.000645" asserts="3" />
        <test-case id="1004" name="CorrectIfEmpty" fullname="game.CollisionDetecterTests.CorrectIfEmpty" methodname="CorrectIfEmpty" classname="game.CollisionDetecterTests" runstate="Runnable" seed="28612934" result="Passed" start-time="2023-06-18T08:47:35.7495321Z" end-time="2023-06-18T08:47:35.7498026Z" duration="0.000271" asserts="1" />
        <test-case id="1001" name="CountElementsTest" fullname="game.CollisionDetecterTests.CountElementsTest" methodname="CountElementsTest" classname="game.CollisionDetecterTests" runstate="Runnable" seed="413348221" result="Passed" start-time="2023-06-18T08:47:35.7498143Z" end-time="2023-06-18T08:47:35.7527504Z" duration="0.002937" asserts="1" />
        <test-case id="1002" name="DeleteUnusefulQuadrantsTest" fullname="game.CollisionDetecterTests.DeleteUnusefulQuadrantsTest" methodname="DeleteUnusefulQuadrantsTest" classname="game.CollisionDetecterTests" runstate="Runnable" seed="802777322" result="Passed" start-time="2023-06-18T08:47:35.7527703Z" end-time="2023-06-18T08:47:35.7533584Z" duration="0.000588" asserts="1" />
        <test-case id="1003" name="NotCollideEqualsItemTest" fullname="game.CollisionDetecterTests.NotCollideEqualsItemTest" methodname="NotCollideEqualsItemTest" classname="game.CollisionDetecterTests" runstate="Runnable" seed="1754277163" result="Passed" start-time="2023-06-18T08:47:35.7533712Z" end-time="2023-06-18T08:47:35.7536586Z" duration="0.000288" asserts="1" />
        <test-case id="1006" name="NotCollideIfCreatureCantCollide" fullname="game.CollisionDetecterTests.NotCollideIfCreatureCantCollide" methodname="NotCollideIfCreatureCantCollide" classname="game.CollisionDetecterTests" runstate="Runnable" seed="612713012" result="Passed" start-time="2023-06-18T08:47:35.7536698Z" end-time="2023-06-18T08:47:35.7542719Z" duration="0.000602" asserts="3" />
      </test-suite>
      <test-suite type="TestSuite" id="1015" name="Tests" fullname="game.Tests" runstate="Runnable" testcasecount="4" result="Passed" start-time="2023-06-18T08:47:35.7303850Z" end-time="2023-06-18T08:47:35.7737296Z" duration="0.043344" total="4" passed="4" failed="0" warnings="0" inconclusive="0" skipped="0" asserts="21">
        <test-suite type="TestFixture" id="1008" name="AStartTests" fullname="game.Tests.AStartTests" classname="game.Tests.AStartTests" runstate="Runnable" testcasecount="4" result="Passed" start-time="2023-06-18T08:47:35.7562967Z" end-time="2023-06-18T08:47:35.7737233Z" duration="0.017426" total="4" passed="4" failed="0" warnings="0" inconclusive="0" skipped="0" asserts="21">
          <test-case id="1011" name="DiagonalPathBetterThanOrthogonal" fullname="game.Tests.AStartTests.DiagonalPathBetterThanOrthogonal" methodname="DiagonalPathBetterThanOrthogonal" classname="game.Tests.AStartTests" runstate="Runnable" seed="1445455547" result="Passed" start-time="2023-06-18T08:47:35.7564063Z" end-time="2023-06-18T08:47:35.7720360Z" duration="0.015630" asserts="12" />
          <test-case id="1009" name="DirectionDownTest" fullname="game.Tests.AStartTests.DirectionDownTest" methodname="DirectionDownTest" classname="game.Tests.AStartTests" runstate="Runnable" seed="2067205232" result="Passed" start-time="2023-06-18T08:47:35.7720591Z" end-time="2023-06-18T08:47:35.7727391Z" duration="0.000681" asserts="4" />
          <test-case id="1010" name="DirectionLeftTest" fullname="game.Tests.AStartTests.DirectionLeftTest" methodname="DirectionLeftTest" classname="game.Tests.AStartTests" runstate="Runnable" seed="23827221" result="Passed" start-time="2023-06-18T08:47:35.7727700Z" end-time="2023-06-18T08:47:35.7734073Z" duration="0.000638" asserts="4" />
          <test-case id="1012" name="PathNotFound" fullname="game.Tests.AStartTests.PathNotFound" methodname="PathNotFound" classname="game.Tests.AStartTests" runstate="Runnable" seed="852571424" result="Passed" start-time="2023-06-18T08:47:35.7734247Z" end-time="2023-06-18T08:47:35.7736867Z" duration="0.000262" asserts="1" />
        </test-suite>
      </test-suite>
    </test-suite>
  </test-suite>
</test-run>