<?xml version="1.0" encoding="utf-8"?>
<test-run id="2" name="Game.dll" fullname="D:/Programming/Projects/GhostOfDarkness/GhostOfDarkness/Game/bin/Debug/net6.0-windows/Game.dll" testcasecount="11" result="Passed" start-time="2024-06-29T13:04:59.2663481Z" end-time="2024-06-29T13:04:59.3082398Z" duration="0.041838" total="11" passed="11" failed="0" inconclusive="0" skipped="0" warnings="0" asserts="32" random-seed="75238161">
  <command-line><![CDATA[D:\Programming\Projects\GhostOfDarkness\GhostOfDarkness\Game\bin\Debug\net6.0-windows\Game.dll]]></command-line>
  <filter />
  <test-suite type="Assembly" id="1013" name="Game.dll" fullname="D:/Programming/Projects/GhostOfDarkness/GhostOfDarkness/Game/bin/Debug/net6.0-windows/Game.dll" runstate="Runnable" testcasecount="11" result="Passed" start-time="2024-06-29T13:04:59.2663481Z" end-time="2024-06-29T13:04:59.3082398Z" duration="0.041838" total="11" passed="11" failed="0" warnings="0" inconclusive="0" skipped="0" asserts="32">
    <environment framework-version="3.13.3.0" clr-version="6.0.27" os-version="Microsoft Windows 10.0.22631" platform="Win32NT" cwd="D:\Programming\Projects\GhostOfDarkness\GhostOfDarkness\Game\bin\Debug\net6.0-windows" machine-name="YOUNGFROG" user="YoungFrog" user-domain="YoungFrog" culture="ru-RU" uiculture="ru-RU" os-architecture="x64" />
    <settings>
      <setting name="WorkDirectory" value="D:\Programming\Projects\GhostOfDarkness\GhostOfDarkness\Game\bin\Debug\net6.0-windows" />
      <setting name="NumberOfTestWorkers" value="16" />
    </settings>
    <properties>
      <property name="_PID" value="17732" />
      <property name="_APPDOMAIN" value="Game" />
    </properties>
    <test-suite type="TestSuite" id="1016" name="game" fullname="game" runstate="Runnable" testcasecount="4" result="Passed" start-time="2024-06-29T13:04:59.2717213Z" end-time="2024-06-29T13:04:59.3033145Z" duration="0.031593" total="4" passed="4" failed="0" warnings="0" inconclusive="0" skipped="0" asserts="21">
      <test-suite type="TestSuite" id="1017" name="Tests" fullname="game.Tests" runstate="Runnable" testcasecount="4" result="Passed" start-time="2024-06-29T13:04:59.2723242Z" end-time="2024-06-29T13:04:59.3033042Z" duration="0.030980" total="4" passed="4" failed="0" warnings="0" inconclusive="0" skipped="0" asserts="21">
        <test-suite type="TestFixture" id="1008" name="AStartTests" fullname="game.Tests.AStartTests" classname="game.Tests.AStartTests" runstate="Runnable" testcasecount="4" result="Passed" start-time="2024-06-29T13:04:59.2733819Z" end-time="2024-06-29T13:04:59.3029529Z" duration="0.029571" total="4" passed="4" failed="0" warnings="0" inconclusive="0" skipped="0" asserts="21">
          <test-case id="1011" name="DiagonalPathBetterThanOrthogonal" fullname="game.Tests.AStartTests.DiagonalPathBetterThanOrthogonal" methodname="DiagonalPathBetterThanOrthogonal" classname="game.Tests.AStartTests" runstate="Runnable" seed="899372854" result="Passed" start-time="2024-06-29T13:04:59.2753542Z" end-time="2024-06-29T13:04:59.2991132Z" duration="0.023846" asserts="12" />
          <test-case id="1009" name="DirectionDownTest" fullname="game.Tests.AStartTests.DirectionDownTest" methodname="DirectionDownTest" classname="game.Tests.AStartTests" runstate="Runnable" seed="1020948813" result="Passed" start-time="2024-06-29T13:04:59.3012316Z" end-time="2024-06-29T13:04:59.3014663Z" duration="0.000235" asserts="4" />
          <test-case id="1010" name="DirectionLeftTest" fullname="game.Tests.AStartTests.DirectionLeftTest" methodname="DirectionLeftTest" classname="game.Tests.AStartTests" runstate="Runnable" seed="1481362600" result="Passed" start-time="2024-06-29T13:04:59.3016762Z" end-time="2024-06-29T13:04:59.3018523Z" duration="0.000176" asserts="4" />
          <test-case id="1012" name="PathNotFound" fullname="game.Tests.AStartTests.PathNotFound" methodname="PathNotFound" classname="game.Tests.AStartTests" runstate="Runnable" seed="430339030" result="Passed" start-time="2024-06-29T13:04:59.3018634Z" end-time="2024-06-29T13:04:59.3020990Z" duration="0.000236" asserts="1" />
        </test-suite>
      </test-suite>
    </test-suite>
    <test-suite type="TestSuite" id="1014" name="Game" fullname="Game" runstate="Runnable" testcasecount="7" result="Passed" start-time="2024-06-29T13:04:59.2723591Z" end-time="2024-06-29T13:04:59.3082374Z" duration="0.035878" total="7" passed="7" failed="0" warnings="0" inconclusive="0" skipped="0" asserts="11">
      <test-suite type="TestSuite" id="1015" name="Tests" fullname="Game.Tests" runstate="Runnable" testcasecount="7" result="Passed" start-time="2024-06-29T13:04:59.2723675Z" end-time="2024-06-29T13:04:59.3082352Z" duration="0.035868" total="7" passed="7" failed="0" warnings="0" inconclusive="0" skipped="0" asserts="11">
        <test-suite type="TestFixture" id="1000" name="CollisionDetecterTests" fullname="Game.Tests.CollisionDetecterTests" classname="Game.Tests.CollisionDetecterTests" runstate="Runnable" testcasecount="7" result="Passed" start-time="2024-06-29T13:04:59.3041951Z" end-time="2024-06-29T13:04:59.3082310Z" duration="0.004036" total="7" passed="7" failed="0" warnings="0" inconclusive="0" skipped="0" asserts="11">
          <test-case id="1005" name="CollideWithItem" fullname="Game.Tests.CollisionDetecterTests.CollideWithItem" methodname="CollideWithItem" classname="Game.Tests.CollisionDetecterTests" runstate="Runnable" seed="882411100" result="Passed" start-time="2024-06-29T13:04:59.3043372Z" end-time="2024-06-29T13:04:59.3059792Z" duration="0.001642" asserts="1" />
          <test-case id="1007" name="CollideWithMovementVector" fullname="Game.Tests.CollisionDetecterTests.CollideWithMovementVector" methodname="CollideWithMovementVector" classname="Game.Tests.CollisionDetecterTests" runstate="Runnable" seed="897392502" result="Passed" start-time="2024-06-29T13:04:59.3060597Z" end-time="2024-06-29T13:04:59.3063720Z" duration="0.000312" asserts="3" />
          <test-case id="1004" name="CorrectIfEmpty" fullname="Game.Tests.CollisionDetecterTests.CorrectIfEmpty" methodname="CorrectIfEmpty" classname="Game.Tests.CollisionDetecterTests" runstate="Runnable" seed="1532547308" result="Passed" start-time="2024-06-29T13:04:59.3063877Z" end-time="2024-06-29T13:04:59.3065001Z" duration="0.000112" asserts="1" />
          <test-case id="1001" name="CountElementsTest" fullname="Game.Tests.CollisionDetecterTests.CountElementsTest" methodname="CountElementsTest" classname="Game.Tests.CollisionDetecterTests" runstate="Runnable" seed="474675052" result="Passed" start-time="2024-06-29T13:04:59.3065100Z" end-time="2024-06-29T13:04:59.3076397Z" duration="0.001130" asserts="1" />
          <test-case id="1002" name="DeleteUnusefulQuadrantsTest" fullname="Game.Tests.CollisionDetecterTests.DeleteUnusefulQuadrantsTest" methodname="DeleteUnusefulQuadrantsTest" classname="Game.Tests.CollisionDetecterTests" runstate="Runnable" seed="1742580551" result="Passed" start-time="2024-06-29T13:04:59.3076555Z" end-time="2024-06-29T13:04:59.3078827Z" duration="0.000227" asserts="1" />
          <test-case id="1003" name="NotCollideEqualsItemTest" fullname="Game.Tests.CollisionDetecterTests.NotCollideEqualsItemTest" methodname="NotCollideEqualsItemTest" classname="Game.Tests.CollisionDetecterTests" runstate="Runnable" seed="1034285686" result="Passed" start-time="2024-06-29T13:04:59.3078971Z" end-time="2024-06-29T13:04:59.3080124Z" duration="0.000115" asserts="1" />
          <test-case id="1006" name="NotCollideIfCreatureCantCollide" fullname="Game.Tests.CollisionDetecterTests.NotCollideIfCreatureCantCollide" methodname="NotCollideIfCreatureCantCollide" classname="Game.Tests.CollisionDetecterTests" runstate="Runnable" seed="448906186" result="Passed" start-time="2024-06-29T13:04:59.3080226Z" end-time="2024-06-29T13:04:59.3082158Z" duration="0.000193" asserts="3" />
        </test-suite>
      </test-suite>
    </test-suite>
  </test-suite>
</test-run>