<?xml version="1.0" encoding="utf-8"?>
<test-run id="2" name="Game.dll" fullname="D:/Programming/Projects/GhostOfDarkness/GhostOfDarkness/Game/bin/Debug/net6.0-windows/Game.dll" testcasecount="11" result="Passed" start-time="2024-06-29T11:46:27.6672532Z" end-time="2024-06-29T11:46:27.7196622Z" duration="0.052357" total="11" passed="11" failed="0" inconclusive="0" skipped="0" warnings="0" asserts="32" random-seed="1611224686">
  <command-line><![CDATA[D:\Programming\Projects\GhostOfDarkness\GhostOfDarkness\Game\bin\Debug\net6.0-windows\Game.dll]]></command-line>
  <filter />
  <test-suite type="Assembly" id="1013" name="Game.dll" fullname="D:/Programming/Projects/GhostOfDarkness/GhostOfDarkness/Game/bin/Debug/net6.0-windows/Game.dll" runstate="Runnable" testcasecount="11" result="Passed" start-time="2024-06-29T11:46:27.6672532Z" end-time="2024-06-29T11:46:27.7196622Z" duration="0.052357" total="11" passed="11" failed="0" warnings="0" inconclusive="0" skipped="0" asserts="32">
    <environment framework-version="3.13.3.0" clr-version="6.0.27" os-version="Microsoft Windows 10.0.22631" platform="Win32NT" cwd="D:\Programming\Projects\GhostOfDarkness\GhostOfDarkness\Game\bin\Debug\net6.0-windows" machine-name="YOUNGFROG" user="YoungFrog" user-domain="YoungFrog" culture="ru-RU" uiculture="ru-RU" os-architecture="x64" />
    <settings>
      <setting name="WorkDirectory" value="D:\Programming\Projects\GhostOfDarkness\GhostOfDarkness\Game\bin\Debug\net6.0-windows" />
      <setting name="NumberOfTestWorkers" value="16" />
    </settings>
    <properties>
      <property name="_PID" value="17112" />
      <property name="_APPDOMAIN" value="Game" />
    </properties>
    <test-suite type="TestSuite" id="1016" name="game" fullname="game" runstate="Runnable" testcasecount="4" result="Passed" start-time="2024-06-29T11:46:27.6729161Z" end-time="2024-06-29T11:46:27.7144322Z" duration="0.041516" total="4" passed="4" failed="0" warnings="0" inconclusive="0" skipped="0" asserts="21">
      <test-suite type="TestSuite" id="1017" name="Tests" fullname="game.Tests" runstate="Runnable" testcasecount="4" result="Passed" start-time="2024-06-29T11:46:27.6732614Z" end-time="2024-06-29T11:46:27.7144212Z" duration="0.041160" total="4" passed="4" failed="0" warnings="0" inconclusive="0" skipped="0" asserts="21">
        <test-suite type="TestFixture" id="1008" name="AStartTests" fullname="game.Tests.AStartTests" classname="game.Tests.AStartTests" runstate="Runnable" testcasecount="4" result="Passed" start-time="2024-06-29T11:46:27.6752752Z" end-time="2024-06-29T11:46:27.7141224Z" duration="0.038847" total="4" passed="4" failed="0" warnings="0" inconclusive="0" skipped="0" asserts="21">
          <test-case id="1011" name="DiagonalPathBetterThanOrthogonal" fullname="game.Tests.AStartTests.DiagonalPathBetterThanOrthogonal" methodname="DiagonalPathBetterThanOrthogonal" classname="game.Tests.AStartTests" runstate="Runnable" seed="1485090910" result="Passed" start-time="2024-06-29T11:46:27.6800521Z" end-time="2024-06-29T11:46:27.7104997Z" duration="0.030554" asserts="12" />
          <test-case id="1009" name="DirectionDownTest" fullname="game.Tests.AStartTests.DirectionDownTest" methodname="DirectionDownTest" classname="game.Tests.AStartTests" runstate="Runnable" seed="531170855" result="Passed" start-time="2024-06-29T11:46:27.7123947Z" end-time="2024-06-29T11:46:27.7127405Z" duration="0.000345" asserts="4" />
          <test-case id="1010" name="DirectionLeftTest" fullname="game.Tests.AStartTests.DirectionLeftTest" methodname="DirectionLeftTest" classname="game.Tests.AStartTests" runstate="Runnable" seed="507259037" result="Passed" start-time="2024-06-29T11:46:27.7127897Z" end-time="2024-06-29T11:46:27.7129557Z" duration="0.000166" asserts="4" />
          <test-case id="1012" name="PathNotFound" fullname="game.Tests.AStartTests.PathNotFound" methodname="PathNotFound" classname="game.Tests.AStartTests" runstate="Runnable" seed="303098220" result="Passed" start-time="2024-06-29T11:46:27.7129665Z" end-time="2024-06-29T11:46:27.7132094Z" duration="0.000243" asserts="1" />
        </test-suite>
      </test-suite>
    </test-suite>
    <test-suite type="TestSuite" id="1014" name="Game" fullname="Game" runstate="Runnable" testcasecount="7" result="Passed" start-time="2024-06-29T11:46:27.6732827Z" end-time="2024-06-29T11:46:27.7196599Z" duration="0.046377" total="7" passed="7" failed="0" warnings="0" inconclusive="0" skipped="0" asserts="11">
      <test-suite type="TestSuite" id="1015" name="Tests" fullname="Game.Tests" runstate="Runnable" testcasecount="7" result="Passed" start-time="2024-06-29T11:46:27.6732862Z" end-time="2024-06-29T11:46:27.7196578Z" duration="0.046372" total="7" passed="7" failed="0" warnings="0" inconclusive="0" skipped="0" asserts="11">
        <test-suite type="TestFixture" id="1000" name="CollisionDetecterTests" fullname="Game.Tests.CollisionDetecterTests" classname="Game.Tests.CollisionDetecterTests" runstate="Runnable" testcasecount="7" result="Passed" start-time="2024-06-29T11:46:27.7152412Z" end-time="2024-06-29T11:46:27.7196532Z" duration="0.004412" total="7" passed="7" failed="0" warnings="0" inconclusive="0" skipped="0" asserts="11">
          <test-case id="1005" name="CollideWithItem" fullname="Game.Tests.CollisionDetecterTests.CollideWithItem" methodname="CollideWithItem" classname="Game.Tests.CollisionDetecterTests" runstate="Runnable" seed="284282914" result="Passed" start-time="2024-06-29T11:46:27.7153577Z" end-time="2024-06-29T11:46:27.7171328Z" duration="0.001775" asserts="1" />
          <test-case id="1007" name="CollideWithMovementVector" fullname="Game.Tests.CollisionDetecterTests.CollideWithMovementVector" methodname="CollideWithMovementVector" classname="Game.Tests.CollisionDetecterTests" runstate="Runnable" seed="883432300" result="Passed" start-time="2024-06-29T11:46:27.7171489Z" end-time="2024-06-29T11:46:27.7175414Z" duration="0.000393" asserts="3" />
          <test-case id="1004" name="CorrectIfEmpty" fullname="Game.Tests.CollisionDetecterTests.CorrectIfEmpty" methodname="CorrectIfEmpty" classname="Game.Tests.CollisionDetecterTests" runstate="Runnable" seed="1691653930" result="Passed" start-time="2024-06-29T11:46:27.7175544Z" end-time="2024-06-29T11:46:27.7176910Z" duration="0.000137" asserts="1" />
          <test-case id="1001" name="CountElementsTest" fullname="Game.Tests.CollisionDetecterTests.CountElementsTest" methodname="CountElementsTest" classname="Game.Tests.CollisionDetecterTests" runstate="Runnable" seed="1254795839" result="Passed" start-time="2024-06-29T11:46:27.7177014Z" end-time="2024-06-29T11:46:27.7190304Z" duration="0.001329" asserts="1" />
          <test-case id="1002" name="DeleteUnusefulQuadrantsTest" fullname="Game.Tests.CollisionDetecterTests.DeleteUnusefulQuadrantsTest" methodname="DeleteUnusefulQuadrantsTest" classname="Game.Tests.CollisionDetecterTests" runstate="Runnable" seed="792184551" result="Passed" start-time="2024-06-29T11:46:27.7190469Z" end-time="2024-06-29T11:46:27.7193162Z" duration="0.000269" asserts="1" />
          <test-case id="1003" name="NotCollideEqualsItemTest" fullname="Game.Tests.CollisionDetecterTests.NotCollideEqualsItemTest" methodname="NotCollideEqualsItemTest" classname="Game.Tests.CollisionDetecterTests" runstate="Runnable" seed="1808582336" result="Passed" start-time="2024-06-29T11:46:27.7193285Z" end-time="2024-06-29T11:46:27.7194530Z" duration="0.000125" asserts="1" />
          <test-case id="1006" name="NotCollideIfCreatureCantCollide" fullname="Game.Tests.CollisionDetecterTests.NotCollideIfCreatureCantCollide" methodname="NotCollideIfCreatureCantCollide" classname="Game.Tests.CollisionDetecterTests" runstate="Runnable" seed="1265840130" result="Passed" start-time="2024-06-29T11:46:27.7194628Z" end-time="2024-06-29T11:46:27.7196383Z" duration="0.000176" asserts="3" />
        </test-suite>
      </test-suite>
    </test-suite>
  </test-suite>
</test-run>