<?xml version="1.0" encoding="utf-8"?>
<test-run id="2" name="Game.dll" fullname="D:/Programming/C# Projects/GhostOfDarkness/GhostOfDarkness/Game/bin/Debug/net6.0-windows/Game.dll" testcasecount="11" result="Passed" start-time="2023-07-04T14:10:49.7243970Z" end-time="2023-07-04T14:10:50.0014589Z" duration="0.276907" total="11" passed="11" failed="0" inconclusive="0" skipped="0" warnings="0" asserts="32" random-seed="1207064031">
  <command-line><![CDATA["D:\Programming\C# Projects\GhostOfDarkness\GhostOfDarkness\Game\bin\Debug\net6.0-windows\Game.dll"]]></command-line>
  <filter />
  <test-suite type="Assembly" id="1013" name="Game.dll" fullname="D:/Programming/C# Projects/GhostOfDarkness/GhostOfDarkness/Game/bin/Debug/net6.0-windows/Game.dll" runstate="Runnable" testcasecount="11" result="Passed" start-time="2023-07-04T14:10:49.7243970Z" end-time="2023-07-04T14:10:50.0014589Z" duration="0.276907" total="11" passed="11" failed="0" warnings="0" inconclusive="0" skipped="0" asserts="32">
    <environment framework-version="3.13.3.0" clr-version="6.0.14" os-version="Microsoft Windows 10.0.19044" platform="Win32NT" cwd="D:\Programming\C# Projects\GhostOfDarkness\GhostOfDarkness\Game\bin\Debug\net6.0-windows" machine-name="DESKTOP-FR35C90" user="vepr" user-domain="DESKTOP-FR35C90" culture="ru-RU" uiculture="ru-RU" os-architecture="x64" />
    <settings>
      <setting name="WorkDirectory" value="D:\Programming\C# Projects\GhostOfDarkness\GhostOfDarkness\Game\bin\Debug\net6.0-windows" />
      <setting name="NumberOfTestWorkers" value="4" />
    </settings>
    <properties>
      <property name="_PID" value="13576" />
      <property name="_APPDOMAIN" value="Game" />
    </properties>
    <test-suite type="TestSuite" id="1014" name="game" fullname="game" runstate="Runnable" testcasecount="11" result="Passed" start-time="2023-07-04T14:10:49.7371324Z" end-time="2023-07-04T14:10:49.9965517Z" duration="0.259419" total="11" passed="11" failed="0" warnings="0" inconclusive="0" skipped="0" asserts="32">
      <test-suite type="TestFixture" id="1000" name="CollisionDetecterTests" fullname="game.CollisionDetecterTests" classname="game.CollisionDetecterTests" runstate="Runnable" testcasecount="7" result="Passed" start-time="2023-07-04T14:10:49.7717812Z" end-time="2023-07-04T14:10:49.8299333Z" duration="0.058152" total="7" passed="7" failed="0" warnings="0" inconclusive="0" skipped="0" asserts="11">
        <test-case id="1005" name="CollideWithItem" fullname="game.CollisionDetecterTests.CollideWithItem" methodname="CollideWithItem" classname="game.CollisionDetecterTests" runstate="Runnable" seed="1038411811" result="Passed" start-time="2023-07-04T14:10:49.7773960Z" end-time="2023-07-04T14:10:49.8101294Z" duration="0.032829" asserts="1" />
        <test-case id="1007" name="CollideWithMovementVector" fullname="game.CollisionDetecterTests.CollideWithMovementVector" methodname="CollideWithMovementVector" classname="game.CollisionDetecterTests" runstate="Runnable" seed="1564417967" result="Passed" start-time="2023-07-04T14:10:49.8160514Z" end-time="2023-07-04T14:10:49.8171364Z" duration="0.001085" asserts="3" />
        <test-case id="1004" name="CorrectIfEmpty" fullname="game.CollisionDetecterTests.CorrectIfEmpty" methodname="CorrectIfEmpty" classname="game.CollisionDetecterTests" runstate="Runnable" seed="34845299" result="Passed" start-time="2023-07-04T14:10:49.8172623Z" end-time="2023-07-04T14:10:49.8175067Z" duration="0.000244" asserts="1" />
        <test-case id="1001" name="CountElementsTest" fullname="game.CollisionDetecterTests.CountElementsTest" methodname="CountElementsTest" classname="game.CollisionDetecterTests" runstate="Runnable" seed="1854424231" result="Passed" start-time="2023-07-04T14:10:49.8175353Z" end-time="2023-07-04T14:10:49.8221636Z" duration="0.004629" asserts="1" />
        <test-case id="1002" name="DeleteUnusefulQuadrantsTest" fullname="game.CollisionDetecterTests.DeleteUnusefulQuadrantsTest" methodname="DeleteUnusefulQuadrantsTest" classname="game.CollisionDetecterTests" runstate="Runnable" seed="1676648026" result="Passed" start-time="2023-07-04T14:10:49.8226791Z" end-time="2023-07-04T14:10:49.8233626Z" duration="0.000684" asserts="1" />
        <test-case id="1003" name="NotCollideEqualsItemTest" fullname="game.CollisionDetecterTests.NotCollideEqualsItemTest" methodname="NotCollideEqualsItemTest" classname="game.CollisionDetecterTests" runstate="Runnable" seed="771038580" result="Passed" start-time="2023-07-04T14:10:49.8234544Z" end-time="2023-07-04T14:10:49.8237377Z" duration="0.000283" asserts="1" />
        <test-case id="1006" name="NotCollideIfCreatureCantCollide" fullname="game.CollisionDetecterTests.NotCollideIfCreatureCantCollide" methodname="NotCollideIfCreatureCantCollide" classname="game.CollisionDetecterTests" runstate="Runnable" seed="2018518824" result="Passed" start-time="2023-07-04T14:10:49.8238050Z" end-time="2023-07-04T14:10:49.8246537Z" duration="0.000849" asserts="3" />
      </test-suite>
      <test-suite type="TestSuite" id="1015" name="Tests" fullname="game.Tests" runstate="Runnable" testcasecount="4" result="Passed" start-time="2023-07-04T14:10:49.7387637Z" end-time="2023-07-04T14:10:49.9922759Z" duration="0.253512" total="4" passed="4" failed="0" warnings="0" inconclusive="0" skipped="0" asserts="21">
        <test-suite type="TestFixture" id="1008" name="AStartTests" fullname="game.Tests.AStartTests" classname="game.Tests.AStartTests" runstate="Runnable" testcasecount="4" result="Passed" start-time="2023-07-04T14:10:49.8411191Z" end-time="2023-07-04T14:10:49.9889115Z" duration="0.147792" total="4" passed="4" failed="0" warnings="0" inconclusive="0" skipped="0" asserts="21">
          <test-case id="1011" name="DiagonalPathBetterThanOrthogonal" fullname="game.Tests.AStartTests.DiagonalPathBetterThanOrthogonal" methodname="DiagonalPathBetterThanOrthogonal" classname="game.Tests.AStartTests" runstate="Runnable" seed="1357225903" result="Passed" start-time="2023-07-04T14:10:49.8472562Z" end-time="2023-07-04T14:10:49.9022835Z" duration="0.055027" asserts="12" />
          <test-case id="1009" name="DirectionDownTest" fullname="game.Tests.AStartTests.DirectionDownTest" methodname="DirectionDownTest" classname="game.Tests.AStartTests" runstate="Runnable" seed="1035011404" result="Passed" start-time="2023-07-04T14:10:49.9269103Z" end-time="2023-07-04T14:10:49.9273781Z" duration="0.000467" asserts="4" />
          <test-case id="1010" name="DirectionLeftTest" fullname="game.Tests.AStartTests.DirectionLeftTest" methodname="DirectionLeftTest" classname="game.Tests.AStartTests" runstate="Runnable" seed="1765830993" result="Passed" start-time="2023-07-04T14:10:49.9523258Z" end-time="2023-07-04T14:10:49.9528519Z" duration="0.000526" asserts="4" />
          <test-case id="1012" name="PathNotFound" fullname="game.Tests.AStartTests.PathNotFound" methodname="PathNotFound" classname="game.Tests.AStartTests" runstate="Runnable" seed="1266966782" result="Passed" start-time="2023-07-04T14:10:49.9757634Z" end-time="2023-07-04T14:10:49.9762384Z" duration="0.000474" asserts="1" />
        </test-suite>
      </test-suite>
    </test-suite>
  </test-suite>
</test-run>