<?xml version="1.0" encoding="utf-8"?>
<test-run id="2" name="Game.dll" fullname="D:/Programming/C# Projects/GhostOfDarkness/GhostOfDarkness/Game/bin/Debug/net6.0-windows/Game.dll" testcasecount="11" result="Passed" start-time="2023-06-30T20:33:12.7346306Z" end-time="2023-06-30T20:33:12.7973446Z" duration="0.062520" total="11" passed="11" failed="0" inconclusive="0" skipped="0" warnings="0" asserts="32" random-seed="948096263">
  <command-line><![CDATA["D:\Programming\C# Projects\GhostOfDarkness\GhostOfDarkness\Game\bin\Debug\net6.0-windows\Game.dll"]]></command-line>
  <filter />
  <test-suite type="Assembly" id="1013" name="Game.dll" fullname="D:/Programming/C# Projects/GhostOfDarkness/GhostOfDarkness/Game/bin/Debug/net6.0-windows/Game.dll" runstate="Runnable" testcasecount="11" result="Passed" start-time="2023-06-30T20:33:12.7346306Z" end-time="2023-06-30T20:33:12.7973446Z" duration="0.062520" total="11" passed="11" failed="0" warnings="0" inconclusive="0" skipped="0" asserts="32">
    <environment framework-version="3.13.3.0" clr-version="6.0.14" os-version="Microsoft Windows 10.0.19044" platform="Win32NT" cwd="D:\Programming\C# Projects\GhostOfDarkness\GhostOfDarkness\Game\bin\Debug\net6.0-windows" machine-name="DESKTOP-FR35C90" user="vepr" user-domain="DESKTOP-FR35C90" culture="ru-RU" uiculture="ru-RU" os-architecture="x64" />
    <settings>
      <setting name="WorkDirectory" value="D:\Programming\C# Projects\GhostOfDarkness\GhostOfDarkness\Game\bin\Debug\net6.0-windows" />
      <setting name="NumberOfTestWorkers" value="4" />
    </settings>
    <properties>
      <property name="_PID" value="13000" />
      <property name="_APPDOMAIN" value="Game" />
    </properties>
    <test-suite type="TestSuite" id="1014" name="game" fullname="game" runstate="Runnable" testcasecount="11" result="Passed" start-time="2023-06-30T20:33:12.7467758Z" end-time="2023-06-30T20:33:12.7973407Z" duration="0.050564" total="11" passed="11" failed="0" warnings="0" inconclusive="0" skipped="0" asserts="32">
      <test-suite type="TestFixture" id="1000" name="CollisionDetecterTests" fullname="game.CollisionDetecterTests" classname="game.CollisionDetecterTests" runstate="Runnable" testcasecount="7" result="Passed" start-time="2023-06-30T20:33:12.7500246Z" end-time="2023-06-30T20:33:12.7798578Z" duration="0.029833" total="7" passed="7" failed="0" warnings="0" inconclusive="0" skipped="0" asserts="11">
        <test-case id="1005" name="CollideWithItem" fullname="game.CollisionDetecterTests.CollideWithItem" methodname="CollideWithItem" classname="game.CollisionDetecterTests" runstate="Runnable" seed="1644555538" result="Passed" start-time="2023-06-30T20:33:12.7545831Z" end-time="2023-06-30T20:33:12.7721628Z" duration="0.017686" asserts="1" />
        <test-case id="1007" name="CollideWithMovementVector" fullname="game.CollisionDetecterTests.CollideWithMovementVector" methodname="CollideWithMovementVector" classname="game.CollisionDetecterTests" runstate="Runnable" seed="1184771356" result="Passed" start-time="2023-06-30T20:33:12.7738444Z" end-time="2023-06-30T20:33:12.7746506Z" duration="0.000807" asserts="3" />
        <test-case id="1004" name="CorrectIfEmpty" fullname="game.CollisionDetecterTests.CorrectIfEmpty" methodname="CorrectIfEmpty" classname="game.CollisionDetecterTests" runstate="Runnable" seed="658878498" result="Passed" start-time="2023-06-30T20:33:12.7746982Z" end-time="2023-06-30T20:33:12.7756128Z" duration="0.000915" asserts="1" />
        <test-case id="1001" name="CountElementsTest" fullname="game.CollisionDetecterTests.CountElementsTest" methodname="CountElementsTest" classname="game.CollisionDetecterTests" runstate="Runnable" seed="328364086" result="Passed" start-time="2023-06-30T20:33:12.7756453Z" end-time="2023-06-30T20:33:12.7782686Z" duration="0.002624" asserts="1" />
        <test-case id="1002" name="DeleteUnusefulQuadrantsTest" fullname="game.CollisionDetecterTests.DeleteUnusefulQuadrantsTest" methodname="DeleteUnusefulQuadrantsTest" classname="game.CollisionDetecterTests" runstate="Runnable" seed="1567518556" result="Passed" start-time="2023-06-30T20:33:12.7782929Z" end-time="2023-06-30T20:33:12.7785618Z" duration="0.000269" asserts="1" />
        <test-case id="1003" name="NotCollideEqualsItemTest" fullname="game.CollisionDetecterTests.NotCollideEqualsItemTest" methodname="NotCollideEqualsItemTest" classname="game.CollisionDetecterTests" runstate="Runnable" seed="983694783" result="Passed" start-time="2023-06-30T20:33:12.7785733Z" end-time="2023-06-30T20:33:12.7787159Z" duration="0.000143" asserts="1" />
        <test-case id="1006" name="NotCollideIfCreatureCantCollide" fullname="game.CollisionDetecterTests.NotCollideIfCreatureCantCollide" methodname="NotCollideIfCreatureCantCollide" classname="game.CollisionDetecterTests" runstate="Runnable" seed="1018404985" result="Passed" start-time="2023-06-30T20:33:12.7787261Z" end-time="2023-06-30T20:33:12.7789441Z" duration="0.000218" asserts="3" />
      </test-suite>
      <test-suite type="TestSuite" id="1015" name="Tests" fullname="game.Tests" runstate="Runnable" testcasecount="4" result="Passed" start-time="2023-06-30T20:33:12.7477423Z" end-time="2023-06-30T20:33:12.7973370Z" duration="0.049594" total="4" passed="4" failed="0" warnings="0" inconclusive="0" skipped="0" asserts="21">
        <test-suite type="TestFixture" id="1008" name="AStartTests" fullname="game.Tests.AStartTests" classname="game.Tests.AStartTests" runstate="Runnable" testcasecount="4" result="Passed" start-time="2023-06-30T20:33:12.7809969Z" end-time="2023-06-30T20:33:12.7973294Z" duration="0.016332" total="4" passed="4" failed="0" warnings="0" inconclusive="0" skipped="0" asserts="21">
          <test-case id="1011" name="DiagonalPathBetterThanOrthogonal" fullname="game.Tests.AStartTests.DiagonalPathBetterThanOrthogonal" methodname="DiagonalPathBetterThanOrthogonal" classname="game.Tests.AStartTests" runstate="Runnable" seed="247588800" result="Passed" start-time="2023-06-30T20:33:12.7810875Z" end-time="2023-06-30T20:33:12.7967389Z" duration="0.015652" asserts="12" />
          <test-case id="1009" name="DirectionDownTest" fullname="game.Tests.AStartTests.DirectionDownTest" methodname="DirectionDownTest" classname="game.Tests.AStartTests" runstate="Runnable" seed="2071674526" result="Passed" start-time="2023-06-30T20:33:12.7967620Z" end-time="2023-06-30T20:33:12.7969347Z" duration="0.000173" asserts="4" />
          <test-case id="1010" name="DirectionLeftTest" fullname="game.Tests.AStartTests.DirectionLeftTest" methodname="DirectionLeftTest" classname="game.Tests.AStartTests" runstate="Runnable" seed="586696739" result="Passed" start-time="2023-06-30T20:33:12.7969463Z" end-time="2023-06-30T20:33:12.7970781Z" duration="0.000132" asserts="4" />
          <test-case id="1012" name="PathNotFound" fullname="game.Tests.AStartTests.PathNotFound" methodname="PathNotFound" classname="game.Tests.AStartTests" runstate="Runnable" seed="1136635073" result="Passed" start-time="2023-06-30T20:33:12.7970882Z" end-time="2023-06-30T20:33:12.7972988Z" duration="0.000211" asserts="1" />
        </test-suite>
      </test-suite>
    </test-suite>
  </test-suite>
</test-run>