<?xml version="1.0" encoding="utf-8"?>
<test-run id="2" name="Game.dll" fullname="D:/Programming/C# Projects/GhostOfDarkness/GhostOfDarkness/Game/bin/Debug/net6.0-windows/Game.dll" testcasecount="11" result="Passed" start-time="2023-06-29T16:26:14.2302616Z" end-time="2023-06-29T16:26:14.5034539Z" duration="0.272426" total="11" passed="11" failed="0" inconclusive="0" skipped="0" warnings="0" asserts="32" random-seed="1906553247">
  <command-line><![CDATA["D:\Programming\C# Projects\GhostOfDarkness\GhostOfDarkness\Game\bin\Debug\net6.0-windows\Game.dll"]]></command-line>
  <filter />
  <test-suite type="Assembly" id="1013" name="Game.dll" fullname="D:/Programming/C# Projects/GhostOfDarkness/GhostOfDarkness/Game/bin/Debug/net6.0-windows/Game.dll" runstate="Runnable" testcasecount="11" result="Passed" start-time="2023-06-29T16:26:14.2302616Z" end-time="2023-06-29T16:26:14.5034539Z" duration="0.272426" total="11" passed="11" failed="0" warnings="0" inconclusive="0" skipped="0" asserts="32">
    <environment framework-version="3.13.3.0" clr-version="6.0.14" os-version="Microsoft Windows 10.0.19044" platform="Win32NT" cwd="D:\Programming\C# Projects\GhostOfDarkness\GhostOfDarkness\Game\bin\Debug\net6.0-windows" machine-name="DESKTOP-FR35C90" user="vepr" user-domain="DESKTOP-FR35C90" culture="ru-RU" uiculture="ru-RU" os-architecture="x64" />
    <settings>
      <setting name="WorkDirectory" value="D:\Programming\C# Projects\GhostOfDarkness\GhostOfDarkness\Game\bin\Debug\net6.0-windows" />
      <setting name="NumberOfTestWorkers" value="4" />
    </settings>
    <properties>
      <property name="_PID" value="10608" />
      <property name="_APPDOMAIN" value="Game" />
    </properties>
    <test-suite type="TestSuite" id="1014" name="game" fullname="game" runstate="Runnable" testcasecount="11" result="Passed" start-time="2023-06-29T16:26:14.2745155Z" end-time="2023-06-29T16:26:14.5034331Z" duration="0.228917" total="11" passed="11" failed="0" warnings="0" inconclusive="0" skipped="0" asserts="32">
      <test-suite type="TestFixture" id="1000" name="CollisionDetecterTests" fullname="game.CollisionDetecterTests" classname="game.CollisionDetecterTests" runstate="Runnable" testcasecount="7" result="Passed" start-time="2023-06-29T16:26:14.2884533Z" end-time="2023-06-29T16:26:14.4580540Z" duration="0.169600" total="7" passed="7" failed="0" warnings="0" inconclusive="0" skipped="0" asserts="11">
        <test-case id="1005" name="CollideWithItem" fullname="game.CollisionDetecterTests.CollideWithItem" methodname="CollideWithItem" classname="game.CollisionDetecterTests" runstate="Runnable" seed="1507195526" result="Passed" start-time="2023-06-29T16:26:14.2969777Z" end-time="2023-06-29T16:26:14.3321046Z" duration="0.035302" asserts="1" />
        <test-case id="1007" name="CollideWithMovementVector" fullname="game.CollisionDetecterTests.CollideWithMovementVector" methodname="CollideWithMovementVector" classname="game.CollisionDetecterTests" runstate="Runnable" seed="560486830" result="Passed" start-time="2023-06-29T16:26:14.3886850Z" end-time="2023-06-29T16:26:14.3956786Z" duration="0.006993" asserts="3" />
        <test-case id="1004" name="CorrectIfEmpty" fullname="game.CollisionDetecterTests.CorrectIfEmpty" methodname="CorrectIfEmpty" classname="game.CollisionDetecterTests" runstate="Runnable" seed="800999937" result="Passed" start-time="2023-06-29T16:26:14.4178905Z" end-time="2023-06-29T16:26:14.4185120Z" duration="0.000621" asserts="1" />
        <test-case id="1001" name="CountElementsTest" fullname="game.CollisionDetecterTests.CountElementsTest" methodname="CountElementsTest" classname="game.CollisionDetecterTests" runstate="Runnable" seed="1983595241" result="Passed" start-time="2023-06-29T16:26:14.4413986Z" end-time="2023-06-29T16:26:14.4456276Z" duration="0.004229" asserts="1" />
        <test-case id="1002" name="DeleteUnusefulQuadrantsTest" fullname="game.CollisionDetecterTests.DeleteUnusefulQuadrantsTest" methodname="DeleteUnusefulQuadrantsTest" classname="game.CollisionDetecterTests" runstate="Runnable" seed="230093310" result="Passed" start-time="2023-06-29T16:26:14.4526987Z" end-time="2023-06-29T16:26:14.4533845Z" duration="0.000686" asserts="1" />
        <test-case id="1003" name="NotCollideEqualsItemTest" fullname="game.CollisionDetecterTests.NotCollideEqualsItemTest" methodname="NotCollideEqualsItemTest" classname="game.CollisionDetecterTests" runstate="Runnable" seed="1205578244" result="Passed" start-time="2023-06-29T16:26:14.4537116Z" end-time="2023-06-29T16:26:14.4540510Z" duration="0.000339" asserts="1" />
        <test-case id="1006" name="NotCollideIfCreatureCantCollide" fullname="game.CollisionDetecterTests.NotCollideIfCreatureCantCollide" methodname="NotCollideIfCreatureCantCollide" classname="game.CollisionDetecterTests" runstate="Runnable" seed="1766633059" result="Passed" start-time="2023-06-29T16:26:14.4558508Z" end-time="2023-06-29T16:26:14.4564044Z" duration="0.000553" asserts="3" />
      </test-suite>
      <test-suite type="TestSuite" id="1015" name="Tests" fullname="game.Tests" runstate="Runnable" testcasecount="4" result="Passed" start-time="2023-06-29T16:26:14.2816732Z" end-time="2023-06-29T16:26:14.5033767Z" duration="0.221703" total="4" passed="4" failed="0" warnings="0" inconclusive="0" skipped="0" asserts="21">
        <test-suite type="TestFixture" id="1008" name="AStartTests" fullname="game.Tests.AStartTests" classname="game.Tests.AStartTests" runstate="Runnable" testcasecount="4" result="Passed" start-time="2023-06-29T16:26:14.4603132Z" end-time="2023-06-29T16:26:14.5032225Z" duration="0.042910" total="4" passed="4" failed="0" warnings="0" inconclusive="0" skipped="0" asserts="21">
          <test-case id="1011" name="DiagonalPathBetterThanOrthogonal" fullname="game.Tests.AStartTests.DiagonalPathBetterThanOrthogonal" methodname="DiagonalPathBetterThanOrthogonal" classname="game.Tests.AStartTests" runstate="Runnable" seed="1359467323" result="Passed" start-time="2023-06-29T16:26:14.4605666Z" end-time="2023-06-29T16:26:14.4919750Z" duration="0.031409" asserts="12" />
          <test-case id="1009" name="DirectionDownTest" fullname="game.Tests.AStartTests.DirectionDownTest" methodname="DirectionDownTest" classname="game.Tests.AStartTests" runstate="Runnable" seed="1786251010" result="Passed" start-time="2023-06-29T16:26:14.4929108Z" end-time="2023-06-29T16:26:14.4940283Z" duration="0.001118" asserts="4" />
          <test-case id="1010" name="DirectionLeftTest" fullname="game.Tests.AStartTests.DirectionLeftTest" methodname="DirectionLeftTest" classname="game.Tests.AStartTests" runstate="Runnable" seed="503909225" result="Passed" start-time="2023-06-29T16:26:14.4982129Z" end-time="2023-06-29T16:26:14.4985725Z" duration="0.000359" asserts="4" />
          <test-case id="1012" name="PathNotFound" fullname="game.Tests.AStartTests.PathNotFound" methodname="PathNotFound" classname="game.Tests.AStartTests" runstate="Runnable" seed="1379824694" result="Passed" start-time="2023-06-29T16:26:14.4986266Z" end-time="2023-06-29T16:26:14.5023724Z" duration="0.003746" asserts="1" />
        </test-suite>
      </test-suite>
    </test-suite>
  </test-suite>
</test-run>