<?xml version="1.0" encoding="utf-8"?>
<test-run id="2" name="Game.dll" fullname="D:/Programming/Projects/GhostOfDarkness/GhostOfDarkness/Game/bin/Debug/net6.0-windows/Game.dll" testcasecount="11" result="Passed" start-time="2024-06-29T11:52:00.0516119Z" end-time="2024-06-29T11:52:00.0972925Z" duration="0.045636" total="11" passed="11" failed="0" inconclusive="0" skipped="0" warnings="0" asserts="32" random-seed="1266564145">
  <command-line><![CDATA[D:\Programming\Projects\GhostOfDarkness\GhostOfDarkness\Game\bin\Debug\net6.0-windows\Game.dll]]></command-line>
  <filter />
  <test-suite type="Assembly" id="1013" name="Game.dll" fullname="D:/Programming/Projects/GhostOfDarkness/GhostOfDarkness/Game/bin/Debug/net6.0-windows/Game.dll" runstate="Runnable" testcasecount="11" result="Passed" start-time="2024-06-29T11:52:00.0516119Z" end-time="2024-06-29T11:52:00.0972925Z" duration="0.045636" total="11" passed="11" failed="0" warnings="0" inconclusive="0" skipped="0" asserts="32">
    <environment framework-version="3.13.3.0" clr-version="6.0.27" os-version="Microsoft Windows 10.0.22631" platform="Win32NT" cwd="D:\Programming\Projects\GhostOfDarkness\GhostOfDarkness\Game\bin\Debug\net6.0-windows" machine-name="YOUNGFROG" user="YoungFrog" user-domain="YoungFrog" culture="ru-RU" uiculture="ru-RU" os-architecture="x64" />
    <settings>
      <setting name="WorkDirectory" value="D:\Programming\Projects\GhostOfDarkness\GhostOfDarkness\Game\bin\Debug\net6.0-windows" />
      <setting name="NumberOfTestWorkers" value="16" />
    </settings>
    <properties>
      <property name="_PID" value="13884" />
      <property name="_APPDOMAIN" value="Game" />
    </properties>
    <test-suite type="TestSuite" id="1016" name="game" fullname="game" runstate="Runnable" testcasecount="4" result="Passed" start-time="2024-06-29T11:52:00.0560678Z" end-time="2024-06-29T11:52:00.0918244Z" duration="0.035756" total="4" passed="4" failed="0" warnings="0" inconclusive="0" skipped="0" asserts="21">
      <test-suite type="TestSuite" id="1017" name="Tests" fullname="game.Tests" runstate="Runnable" testcasecount="4" result="Passed" start-time="2024-06-29T11:52:00.0564050Z" end-time="2024-06-29T11:52:00.0918138Z" duration="0.035409" total="4" passed="4" failed="0" warnings="0" inconclusive="0" skipped="0" asserts="21">
        <test-suite type="TestFixture" id="1008" name="AStartTests" fullname="game.Tests.AStartTests" classname="game.Tests.AStartTests" runstate="Runnable" testcasecount="4" result="Passed" start-time="2024-06-29T11:52:00.0575215Z" end-time="2024-06-29T11:52:00.0915274Z" duration="0.034006" total="4" passed="4" failed="0" warnings="0" inconclusive="0" skipped="0" asserts="21">
          <test-case id="1011" name="DiagonalPathBetterThanOrthogonal" fullname="game.Tests.AStartTests.DiagonalPathBetterThanOrthogonal" methodname="DiagonalPathBetterThanOrthogonal" classname="game.Tests.AStartTests" runstate="Runnable" seed="1770599278" result="Passed" start-time="2024-06-29T11:52:00.0594155Z" end-time="2024-06-29T11:52:00.0880106Z" duration="0.028681" asserts="12" />
          <test-case id="1009" name="DirectionDownTest" fullname="game.Tests.AStartTests.DirectionDownTest" methodname="DirectionDownTest" classname="game.Tests.AStartTests" runstate="Runnable" seed="1425689876" result="Passed" start-time="2024-06-29T11:52:00.0897475Z" end-time="2024-06-29T11:52:00.0899681Z" duration="0.000220" asserts="4" />
          <test-case id="1010" name="DirectionLeftTest" fullname="game.Tests.AStartTests.DirectionLeftTest" methodname="DirectionLeftTest" classname="game.Tests.AStartTests" runstate="Runnable" seed="548177008" result="Passed" start-time="2024-06-29T11:52:00.0899888Z" end-time="2024-06-29T11:52:00.0902375Z" duration="0.000249" asserts="4" />
          <test-case id="1012" name="PathNotFound" fullname="game.Tests.AStartTests.PathNotFound" methodname="PathNotFound" classname="game.Tests.AStartTests" runstate="Runnable" seed="402254209" result="Passed" start-time="2024-06-29T11:52:00.0902569Z" end-time="2024-06-29T11:52:00.0906709Z" duration="0.000414" asserts="1" />
        </test-suite>
      </test-suite>
    </test-suite>
    <test-suite type="TestSuite" id="1014" name="Game" fullname="Game" runstate="Runnable" testcasecount="7" result="Passed" start-time="2024-06-29T11:52:00.0564267Z" end-time="2024-06-29T11:52:00.0972902Z" duration="0.040864" total="7" passed="7" failed="0" warnings="0" inconclusive="0" skipped="0" asserts="11">
      <test-suite type="TestSuite" id="1015" name="Tests" fullname="Game.Tests" runstate="Runnable" testcasecount="7" result="Passed" start-time="2024-06-29T11:52:00.0564293Z" end-time="2024-06-29T11:52:00.0972883Z" duration="0.040859" total="7" passed="7" failed="0" warnings="0" inconclusive="0" skipped="0" asserts="11">
        <test-suite type="TestFixture" id="1000" name="CollisionDetecterTests" fullname="Game.Tests.CollisionDetecterTests" classname="Game.Tests.CollisionDetecterTests" runstate="Runnable" testcasecount="7" result="Passed" start-time="2024-06-29T11:52:00.0926313Z" end-time="2024-06-29T11:52:00.0972842Z" duration="0.004653" total="7" passed="7" failed="0" warnings="0" inconclusive="0" skipped="0" asserts="11">
          <test-case id="1005" name="CollideWithItem" fullname="Game.Tests.CollisionDetecterTests.CollideWithItem" methodname="CollideWithItem" classname="Game.Tests.CollisionDetecterTests" runstate="Runnable" seed="562173256" result="Passed" start-time="2024-06-29T11:52:00.0927317Z" end-time="2024-06-29T11:52:00.0945534Z" duration="0.001822" asserts="1" />
          <test-case id="1007" name="CollideWithMovementVector" fullname="Game.Tests.CollisionDetecterTests.CollideWithMovementVector" methodname="CollideWithMovementVector" classname="Game.Tests.CollisionDetecterTests" runstate="Runnable" seed="615117401" result="Passed" start-time="2024-06-29T11:52:00.0945713Z" end-time="2024-06-29T11:52:00.0949849Z" duration="0.000414" asserts="3" />
          <test-case id="1004" name="CorrectIfEmpty" fullname="Game.Tests.CollisionDetecterTests.CorrectIfEmpty" methodname="CorrectIfEmpty" classname="Game.Tests.CollisionDetecterTests" runstate="Runnable" seed="1894861303" result="Passed" start-time="2024-06-29T11:52:00.0949999Z" end-time="2024-06-29T11:52:00.0951720Z" duration="0.000172" asserts="1" />
          <test-case id="1001" name="CountElementsTest" fullname="Game.Tests.CollisionDetecterTests.CountElementsTest" methodname="CountElementsTest" classname="Game.Tests.CollisionDetecterTests" runstate="Runnable" seed="1266686578" result="Passed" start-time="2024-06-29T11:52:00.0951834Z" end-time="2024-06-29T11:52:00.0966473Z" duration="0.001464" asserts="1" />
          <test-case id="1002" name="DeleteUnusefulQuadrantsTest" fullname="Game.Tests.CollisionDetecterTests.DeleteUnusefulQuadrantsTest" methodname="DeleteUnusefulQuadrantsTest" classname="Game.Tests.CollisionDetecterTests" runstate="Runnable" seed="371078326" result="Passed" start-time="2024-06-29T11:52:00.0966620Z" end-time="2024-06-29T11:52:00.0969251Z" duration="0.000263" asserts="1" />
          <test-case id="1003" name="NotCollideEqualsItemTest" fullname="Game.Tests.CollisionDetecterTests.NotCollideEqualsItemTest" methodname="NotCollideEqualsItemTest" classname="Game.Tests.CollisionDetecterTests" runstate="Runnable" seed="1202768238" result="Passed" start-time="2024-06-29T11:52:00.0969379Z" end-time="2024-06-29T11:52:00.0970626Z" duration="0.000125" asserts="1" />
          <test-case id="1006" name="NotCollideIfCreatureCantCollide" fullname="Game.Tests.CollisionDetecterTests.NotCollideIfCreatureCantCollide" methodname="NotCollideIfCreatureCantCollide" classname="Game.Tests.CollisionDetecterTests" runstate="Runnable" seed="1120592255" result="Passed" start-time="2024-06-29T11:52:00.0970726Z" end-time="2024-06-29T11:52:00.0972663Z" duration="0.000194" asserts="3" />
        </test-suite>
      </test-suite>
    </test-suite>
  </test-suite>
</test-run>